#-----------------------------------------------------------
# Vivado v2016.3 (64-bit)
# SW Build 1682563 on Mon Oct 10 19:07:27 MDT 2016
# IP Build 1681267 on Mon Oct 10 21:28:31 MDT 2016
# Start of session at: Mon Apr 12 18:16:10 2021
# Process ID: 27332
# Current directory: C:/Users/hamas/Documents/Carleton/ELEC3500/Lab9/Project_V2 - with implementation/project_1
# Command line: vivado.exe -gui_launcher_event rodinguilauncherevent41932 C:\Users\hamas\Documents\Carleton\ELEC3500\Lab9\Project_V2 - with implementation\project_1\project_1.xpr
# Log file: C:/Users/hamas/Documents/Carleton/ELEC3500/Lab9/Project_V2 - with implementation/project_1/vivado.log
# Journal file: C:/Users/hamas/Documents/Carleton/ELEC3500/Lab9/Project_V2 - with implementation/project_1\vivado.jou
#-----------------------------------------------------------
start_gui
open_project {C:/Users/hamas/Documents/Carleton/ELEC3500/Lab9/Project_V2 - with implementation/project_1/project_1.xpr}
INFO: [ProjectBase 1-489] The host OS only allows 260 characters in a normal path. The project is stored in a path with more than 80 characters. If you experience issues with IP, Block Designs, or files not being found, please consider moving the project to a location with a shorter path. Alternately consider using the OS subst command to map part of the path to a drive letter.
Current project path is 'C:/Users/hamas/Documents/Carleton/ELEC3500/Lab9/Project_V2 - with implementation/project_1'
Scanning sources...
Finished scanning sources
INFO: [IP_Flow 19-234] Refreshing IP repositories
INFO: [IP_Flow 19-1704] No user IP repositories specified
INFO: [IP_Flow 19-2313] Loaded Vivado IP repository 'C:/Xilinx/Vivado/2016.3/data/ip'.
exit
INFO: [Common 17-206] Exiting Vivado at Mon Apr 12 18:17:27 2021...
