
*** Running vivado
    with args -log xfft_0.vds -m64 -product Vivado -mode batch -messageDb vivado.pb -notrace -source xfft_0.tcl


****** Vivado v2016.3 (64-bit)
  **** SW Build 1682563 on Mon Oct 10 19:07:27 MDT 2016
  **** IP Build 1681267 on Mon Oct 10 21:28:31 MDT 2016
    ** Copyright 1986-2016 Xilinx, Inc. All Rights Reserved.

source xfft_0.tcl -notrace
Starting RTL Elaboration : Time (s): cpu = 00:00:06 ; elapsed = 00:00:08 . Memory (MB): peak = 299.418 ; gain = 90.215
INFO: [Synth 8-638] synthesizing module 'xfft_0' [c:/Users/hamas/Documents/Carleton/ELEC3500/Lab9/Microphone - v2/lab9_v2/lab9_v2.srcs/sources_1/ip/xfft_0/synth/xfft_0.vhd:82]
INFO: [Synth 8-256] done synthesizing module 'xfft_0' (52#1) [c:/Users/hamas/Documents/Carleton/ELEC3500/Lab9/Microphone - v2/lab9_v2/lab9_v2.srcs/sources_1/ip/xfft_0/synth/xfft_0.vhd:82]
Finished RTL Elaboration : Time (s): cpu = 00:01:18 ; elapsed = 00:01:21 . Memory (MB): peak = 497.305 ; gain = 288.102
Finished RTL Optimization Phase 1 : Time (s): cpu = 00:01:19 ; elapsed = 00:01:22 . Memory (MB): peak = 497.305 ; gain = 288.102
INFO: [Device 21-403] Loading part xc7a100tcsg324-1
Constraint Validation Runtime : Time (s): cpu = 00:00:01 ; elapsed = 00:00:00.148 . Memory (MB): peak = 704.930 ; gain = 4.176
Finished Constraint Validation : Time (s): cpu = 00:01:29 ; elapsed = 00:01:32 . Memory (MB): peak = 704.930 ; gain = 495.727
Finished Loading Part and Timing Information : Time (s): cpu = 00:01:29 ; elapsed = 00:01:32 . Memory (MB): peak = 704.930 ; gain = 495.727
Finished applying 'set_property' XDC Constraints : Time (s): cpu = 00:01:29 ; elapsed = 00:01:32 . Memory (MB): peak = 704.930 ; gain = 495.727
Finished RTL Optimization Phase 2 : Time (s): cpu = 00:01:34 ; elapsed = 00:01:38 . Memory (MB): peak = 704.930 ; gain = 495.727
Finished Cross Boundary and Area Optimization : Time (s): cpu = 00:01:38 ; elapsed = 00:01:42 . Memory (MB): peak = 704.930 ; gain = 495.727
Finished Applying XDC Timing Constraints : Time (s): cpu = 00:01:49 ; elapsed = 00:01:53 . Memory (MB): peak = 704.930 ; gain = 495.727
Finished Timing Optimization : Time (s): cpu = 00:01:50 ; elapsed = 00:01:55 . Memory (MB): peak = 704.930 ; gain = 495.727
Finished Technology Mapping : Time (s): cpu = 00:01:53 ; elapsed = 00:01:57 . Memory (MB): peak = 715.508 ; gain = 506.305
Finished IO Insertion : Time (s): cpu = 00:01:53 ; elapsed = 00:01:58 . Memory (MB): peak = 715.508 ; gain = 506.305
Finished Renaming Generated Instances : Time (s): cpu = 00:01:53 ; elapsed = 00:01:58 . Memory (MB): peak = 715.508 ; gain = 506.305
Finished Rebuilding User Hierarchy : Time (s): cpu = 00:01:54 ; elapsed = 00:01:59 . Memory (MB): peak = 715.508 ; gain = 506.305
Finished Renaming Generated Ports : Time (s): cpu = 00:01:54 ; elapsed = 00:01:59 . Memory (MB): peak = 715.508 ; gain = 506.305
Finished Handling Custom Attributes : Time (s): cpu = 00:01:54 ; elapsed = 00:01:59 . Memory (MB): peak = 715.508 ; gain = 506.305
Finished Renaming Generated Nets : Time (s): cpu = 00:01:54 ; elapsed = 00:01:59 . Memory (MB): peak = 715.508 ; gain = 506.305

Report Cell Usage: 
+------+----------+------+
|      |Cell      |Count |
+------+----------+------+
|1     |DSP48E1   |     8|
|2     |DSP48E1_1 |     4|
|3     |LUT1      |    24|
|4     |LUT2      |   374|
|5     |LUT3      |   587|
|6     |LUT4      |   145|
|7     |LUT5      |    36|
|8     |LUT6      |   258|
|9     |MUXCY     |   582|
|10    |RAM64X1S  |    16|
|11    |RAMB18E1  |     1|
|12    |RAMB18SDP |     3|
|13    |SRL16E    |   605|
|14    |SRLC32E   |    82|
|15    |XORCY     |   551|
|16    |FD        |     5|
|17    |FDE       |   136|
|18    |FDR       |     8|
|19    |FDRE      |  2288|
+------+----------+------+
Finished Writing Synthesis Report : Time (s): cpu = 00:01:54 ; elapsed = 00:01:59 . Memory (MB): peak = 715.508 ; gain = 506.305
synth_design: Time (s): cpu = 00:01:56 ; elapsed = 00:01:59 . Memory (MB): peak = 715.508 ; gain = 496.156
