#-----------------------------------------------------------
# Vivado v2016.3 (64-bit)
# SW Build 1682563 on Mon Oct 10 19:07:27 MDT 2016
# IP Build 1681267 on Mon Oct 10 21:28:31 MDT 2016
# Start of session at: Thu Apr 08 19:56:41 2021
# Process ID: 82260
# Current directory: C:/Users/hamas/Documents/Carleton/ELEC3500/Lab9/Audio V2/lab9_v2
# Command line: vivado.exe -gui_launcher_event rodinguilauncherevent19976 C:\Users\hamas\Documents\Carleton\ELEC3500\Lab9\Audio V2\lab9_v2\lab9_v2.xpr
# Log file: C:/Users/hamas/Documents/Carleton/ELEC3500/Lab9/Audio V2/lab9_v2/vivado.log
# Journal file: C:/Users/hamas/Documents/Carleton/ELEC3500/Lab9/Audio V2/lab9_v2\vivado.jou
#-----------------------------------------------------------
start_gui
open_project {C:/Users/hamas/Documents/Carleton/ELEC3500/Lab9/Audio V2/lab9_v2/lab9_v2.xpr}
INFO: [Project 1-313] Project file moved from 'C:/Users/hamas/Documents/Carleton/ELEC3500/Lab9/Audio/lab9_v2' since last save.
Scanning sources...
Finished scanning sources
INFO: [IP_Flow 19-234] Refreshing IP repositories
INFO: [IP_Flow 19-1704] No user IP repositories specified
INFO: [IP_Flow 19-2313] Loaded Vivado IP repository 'C:/Xilinx/Vivado/2016.3/data/ip'.
exit
INFO: [Common 17-206] Exiting Vivado at Thu Apr 08 19:56:58 2021...
: peak = 827.910 ; gain = 147.555
remove_files  {{C:/Users/hamas/Documents/Carleton/ELEC3500/Lab9/Audio V2/src/hdl/music.v}}
set_property -dict [list CONFIG.CLKOUT1_REQUESTED_OUT_FREQ {17} CONFIG.MMCM_DIVCLK_DIVIDE {4} CONFIG.MMCM_CLKFBOUT_MULT_F {40.375} CONFIG.MMCM_CLKOUT0_DIVIDE_F {59.375} CONFIG.CLKOUT1_JITTER {307.805} CONFIG.CLKOUT1_PHASE_ERROR {234.951}] [get_ips clk_wiz_0]
generate_target all [get_files  {{C:/Users/hamas/Documents/Carleton/ELEC3500/Lab9/Audio V2/lab9_v2/lab9_v2.srcs/sources_1/ip/clk_wiz_0/clk_wiz_0.xci}}]
INFO: [IP_Flow 19-1686] Generating 'Instantiation Template' target for IP 'clk_wiz_0'...
INFO: [IP_Flow 19-1686] Generating 'Synthesis' target for IP 'clk_wiz_0'...
INFO: [IP_Flow 19-1686] Generating 'Simulation' target for IP 'clk_wiz_0'...
INFO: [IP_Flow 19-1686] Generating 'Implementation' target for IP 'clk_wiz_0'...
INFO: [IP_Flow 19-1686] Generating 'Change Log' target for IP 'clk_wiz_0'...
catch { config_ip_cache -export [get_ips -all clk_wiz_0] }
export_ip_user_files -of_objects [get_files {{C:/Users/hamas/Documents/Carleton/ELEC3500/Lab9/Audio V2/lab9_v2/lab9_v2.srcs/sources_1/ip/clk_wiz_0/clk_wiz_0.xci}}] -no_script -sync -force -quiet
reset_run clk_wiz_0_synth_1
launch_runs -jobs 6 clk_wiz_0_synth_1
[Thu Apr 08 20:13:39 2021] Launched clk_wiz_0_synth_1...
Run output will be captured here: C:/Users/hamas/Documents/Carleton/ELEC3500/Lab9/Audio V2/lab9_v2/lab9_v2.runs/clk_wiz_0_synth_1/runme.log
INFO: [Vivado 12-4357] Exporting simulation files for 'clk_wiz_0'... please wait for 'clk_wiz_0_synth_1' run to finish...
wait_on_run clk_wiz_0_synth_1
[Thu Apr 08 20:13:39 2021] Waiting for clk_wiz_0_synth_1 to finish...
[Thu Apr 08 20:13:44 2021] Waiting for clk_wiz_0_synth_1 to finish...
[Thu Apr 08 20:13:49 2021] Waiting for clk_wiz_0_synth_1 to finish...
[Thu Apr 08 20:13:54 2021] Waiting for clk_wiz_0_synth_1 to finish...
[Thu Apr 08 20:14:04 2021] Waiting for clk_wiz_0_synth_1 to finish...
[Thu Apr 08 20:14:15 2021] Waiting for clk_wiz_0_synth_1 to finish...
[Thu Apr 08 20:14:15 2021] clk_wiz_0_synth_1 finished
wait_on_run: Time (s): cpu = 00:00:00 ; elapsed = 00:00:35 . Memory (MB): peak = 984.551 ; gain = 0.000
export_simulation -of_objects [get_files {{C:/Users/hamas/Documents/Carleton/ELEC3500/Lab9/Audio V2/lab9_v2/lab9_v2.srcs/sources_1/ip/clk_wiz_0/clk_wiz_0.xci}}] -directory {C:/Users/hamas/Documents/Carleton/ELEC3500/Lab9/Audio V2/lab9_v2/lab9_v2.ip_user_files/sim_scripts} -ip_user_files_dir {C:/Users/hamas/Documents/Carleton/ELEC3500/Lab9/Audio V2/lab9_v2/lab9_v2.ip_user_files} -ipstatic_source_dir {C:/Users/hamas/Documents/Carleton/ELEC3500/Lab9/Audio V2/lab9_v2/lab9_v2.ip_user_files/ipstatic} -lib_map_path [list {modelsim=C:/Users/hamas/Documents/Carleton/ELEC3500/Lab9/Audio V2/lab9_v2/lab9_v2.cache/compile_simlib/modelsim} {questa=C:/Users/hamas/Documents/Carleton/ELEC3500/Lab9/Audio V2/lab9_v2/lab9_v2.cache/compile_simlib/questa} {riviera=C:/Users/hamas/Documents/Carleton/ELEC3500/Lab9/Audio V2/lab9_v2/lab9_v2.cache/compile_simlib/riviera} {activehdl=C:/Users/hamas/Documents/Carleton/ELEC3500/Lab9/Audio V2/lab9_v2/lab9_v2.cache/compile_simlib/activehdl}] -use_ip_compiled_libs -force -quiet
reset_run synth_1
launch_runs impl_1 -to_step write_bitstream -jobs 6
[Fri Apr 09 10:13:35 2021] Launched synth_1...
Run output will be captured here: C:/Users/hamas/Documents/Carleton/ELEC3500/Lab9/Audio V2/lab9_v2/lab9_v2.runs/synth_1/runme.log
[Fri Apr 09 10:13:35 2021] Launched impl_1...
Run output will be captured here: C:/Users/hamas/Documents/Carleton/ELEC3500/Lab9/Audio V2/lab9_v2/lab9_v2.runs/impl_1/runme.log
reset_run impl_1
reset_run synth_1
launch_runs impl_1 -to_step write_bitstream -jobs 6
[Fri Apr 09 10:16:16 2021] Launched synth_1...
Run output will be captured here: C:/Users/hamas/Documents/Carleton/ELEC3500/Lab9/Audio V2/lab9_v2/lab9_v2.runs/synth_1/runme.log
[Fri Apr 09 10:16:16 2021] Launched impl_1...
Run output will be captured here: C:/Users/hamas/Documents/Carleton/ELEC3500/Lab9/Audio V2/lab9_v2/lab9_v2.runs/impl_1/runme.log
open_hw
connect_hw_server
INFO: [Labtools 27-2285] Connecting to hw_server url TCP:localhost:3121
open_hw_target
INFO: [Labtoolstcl 44-466] Opening hw_target localhost:3121/xilinx_tcf/Digilent/210292B06735A
set_property PROGRAM.FILE {C:/Users/hamas/Documents/Carleton/ELEC3500/Lab9/Audio V2/lab9_v2/lab9_v2.runs/impl_1/top.bit} [lindex [get_hw_devices xc7a100t_0] 0]
current_hw_device [lindex [get_hw_devices xc7a100t_0] 0]
refresh_hw_device -update_hw_probes false [lindex [get_hw_devices xc7a100t_0] 0]
INFO: [Labtools 27-1435] Device xc7a100t (JTAG device index = 0) is not programmed (DONE status = 0).
set_property PROBES.FILE {} [lindex [get_hw_devices xc7a100t_0] 0]
set_property PROGRAM.FILE {C:/Users/hamas/Documents/Carleton/ELEC3500/Lab9/Audio V2/lab9_v2/lab9_v2.runs/impl_1/top.bit} [lindex [get_hw_devices xc7a100t_0] 0]
program_hw_devices [lindex [get_hw_devices xc7a100t_0] 0]
INFO: [Labtools 27-3164] End of startup status: HIGH
refresh_hw_device [lindex [get_hw_devices xc7a100t_0] 0]
INFO: [Labtools 27-1434] Device xc7a100t (JTAG device index = 0) is programmed with a design that has no supported debug core(s) in it.
WARNING: [Labtools 27-3123] The debug hub core was not detected at User Scan Chain 1 or 3.
Resolution: 
1. Make sure the clock connected to the debug hub (dbg_hub) core is a free running clock and is active OR
2. Manually launch hw_server with -e "set xsdb-user-bscan <C_USER_SCAN_CHAIN scan_chain_number>" to detect the debug hub at User Scan Chain of 2 or 4. To determine the user scan chain setting, open the implemented design and use: get_property C_USER_SCAN_CHAIN [get_debug_cores dbg_hub].
ERROR: [Labtools 27-2269] No devices detected on target localhost:3121/xilinx_tcf/Digilent/210292B06735A.
Check cable connectivity and that the target board is powered up then
use the disconnect_hw_server and connect_hw_server to re-register this hardware target.
ERROR: [Labtoolstcl 44-513] HW Target shutdown. Closing target: localhost:3121/xilinx_tcf/Digilent/210292B06735A
INFO: [Labtoolstcl 44-466] Opening hw_target localhost:3121/xilinx_tcf/Digilent/210292B06735A
INFO: [Labtools 27-1434] Device xc7a100t (JTAG device index = 0) is programmed with a design that has no supported debug core(s) in it.
WARNING: [Labtools 27-3123] The debug hub core was not detected at User Scan Chain 1 or 3.
Resolution: 
1. Make sure the clock connected to the debug hub (dbg_hub) core is a free running clock and is active OR
2. Manually launch hw_server with -e "set xsdb-user-bscan <C_USER_SCAN_CHAIN scan_chain_number>" to detect the debug hub at User Scan Chain of 2 or 4. To determine the user scan chain setting, open the implemented design and use: get_property C_USER_SCAN_CHAIN [get_debug_cores dbg_hub].
set_property PROBES.FILE {} [lindex [get_hw_devices xc7a100t_0] 0]
set_property PROGRAM.FILE {C:/Users/hamas/Documents/Carleton/ELEC3500/Lab9/Audio V2/lab9_v2/lab9_v2.runs/impl_1/top.bit} [lindex [get_hw_devices xc7a100t_0] 0]
program_hw_devices [lindex [get_hw_devices xc7a100t_0] 0]
INFO: [Labtools 27-3164] End of startup status: HIGH
refresh_hw_device [lindex [get_hw_devices xc7a100t_0] 0]
INFO: [Labtools 27-1434] Device xc7a100t (JTAG device index = 0) is programmed with a design that has no supported debug core(s) in it.
WARNING: [Labtools 27-3123] The debug hub core was not detected at User Scan Chain 1 or 3.
Resolution: 
1. Make sure the clock connected to the debug hub (dbg_hub) core is a free running clock and is active OR
2. Manually launch hw_server with -e "set xsdb-user-bscan <C_USER_SCAN_CHAIN scan_chain_number>" to detect the debug hub at User Scan Chain of 2 or 4. To determine the user scan chain setting, open the implemented design and use: get_property C_USER_SCAN_CHAIN [get_debug_cores dbg_hub].
ERROR: [Labtools 27-2269] No devices detected on target localhost:3121/xilinx_tcf/Digilent/210292B06735A.
Check cable connectivity and that the target board is powered up then
use the disconnect_hw_server and connect_hw_server to re-register this hardware target.
ERROR: [Labtoolstcl 44-513] HW Target shutdown. Closing target: localhost:3121/xilinx_tcf/Digilent/210292B06735A
INFO: [Labtoolstcl 44-466] Opening hw_target localhost:3121/xilinx_tcf/Digilent/210292B06735A
INFO: [Labtools 27-1434] Device xc7a100t (JTAG device index = 0) is programmed with a design that has no supported debug core(s) in it.
WARNING: [Labtools 27-3123] The debug hub core was not detected at User Scan Chain 1 or 3.
Resolution: 
1. Make sure the clock connected to the debug hub (dbg_hub) core is a free running clock and is active OR
2. Manually launch hw_server with -e "set xsdb-user-bscan <C_USER_SCAN_CHAIN scan_chain_number>" to detect the debug hub at User Scan Chain of 2 or 4. To determine the user scan chain setting, open the implemented design and use: get_property C_USER_SCAN_CHAIN [get_debug_cores dbg_hub].
ERROR: [Labtools 27-2269] No devices detected on target localhost:3121/xilinx_tcf/Digilent/210292B06735A.
Check cable connectivity and that the target board is powered up then
use the disconnect_hw_server and connect_hw_server to re-register this hardware target.
ERROR: [Labtoolstcl 44-513] HW Target shutdown. Closing target: localhost:3121/xilinx_tcf/Digilent/210292B06735A
INFO: [Labtoolstcl 44-466] Opening hw_target localhost:3121/xilinx_tcf/Digilent/210292B06735A
INFO: [Labtools 27-1434] Device xc7a100t (JTAG device index = 0) is programmed with a design that has no supported debug core(s) in it.
WARNING: [Labtools 27-3123] The debug hub core was not detected at User Scan Chain 1 or 3.
Resolution: 
1. Make sure the clock connected to the debug hub (dbg_hub) core is a free running clock and is active OR
2. Manually launch hw_server with -e "set xsdb-user-bscan <C_USER_SCAN_CHAIN scan_chain_number>" to detect the debug hub at User Scan Chain of 2 or 4. To determine the user scan chain setting, open the implemented design and use: get_property C_USER_SCAN_CHAIN [get_debug_cores dbg_hub].
ERROR: [Labtools 27-2269] No devices detected on target localhost:3121/xilinx_tcf/Digilent/210292B06735A.
Check cable connectivity and that the target board is powered up then
use the disconnect_hw_server and connect_hw_server to re-register this hardware target.
ERROR: [Labtoolstcl 44-513] HW Target shutdown. Closing target: localhost:3121/xilinx_tcf/Digilent/210292B06735A
INFO: [Labtoolstcl 44-466] Opening hw_target localhost:3121/xilinx_tcf/Digilent/210292B06735A
INFO: [Labtools 27-1434] Device xc7a100t (JTAG device index = 0) is programmed with a design that has no supported debug core(s) in it.
WARNING: [Labtools 27-3123] The debug hub core was not detected at User Scan Chain 1 or 3.
Resolution: 
1. Make sure the clock connected to the debug hub (dbg_hub) core is a free running clock and is active OR
2. Manually launch hw_server with -e "set xsdb-user-bscan <C_USER_SCAN_CHAIN scan_chain_number>" to detect the debug hub at User Scan Chain of 2 or 4. To determine the user scan chain setting, open the implemented design and use: get_property C_USER_SCAN_CHAIN [get_debug_cores dbg_hub].
set_property PROBES.FILE {} [lindex [get_hw_devices xc7a100t_0] 0]
set_property PROGRAM.FILE {C:/Users/hamas/Documents/Carleton/ELEC3500/Lab9/Audio V2/lab9_v2/lab9_v2.runs/impl_1/top.bit} [lindex [get_hw_devices xc7a100t_0] 0]
program_hw_devices [lindex [get_hw_devices xc7a100t_0] 0]
INFO: [Labtools 27-3164] End of startup status: HIGH
refresh_hw_device [lindex [get_hw_devices xc7a100t_0] 0]
INFO: [Labtools 27-1434] Device xc7a100t (JTAG device index = 0) is programmed with a design that has no supported debug core(s) in it.
WARNING: [Labtools 27-3123] The debug hub core was not detected at User Scan Chain 1 or 3.
Resolution: 
1. Make sure the clock connected to the debug hub (dbg_hub) core is a free running clock and is active OR
2. Manually launch hw_server with -e "set xsdb-user-bscan <C_USER_SCAN_CHAIN scan_chain_number>" to detect the debug hub at User Scan Chain of 2 or 4. To determine the user scan chain setting, open the implemented design and use: get_property C_USER_SCAN_CHAIN [get_debug_cores dbg_hub].
set_property PROBES.FILE {} [lindex [get_hw_devices xc7a100t_0] 0]
set_property PROGRAM.FILE {C:/Users/hamas/Documents/Carleton/ELEC3500/Lab9/Audio V2/lab9_v2/lab9_v2.runs/impl_1/top.bit} [lindex [get_hw_devices xc7a100t_0] 0]
program_hw_devices [lindex [get_hw_devices xc7a100t_0] 0]
INFO: [Labtools 27-3164] End of startup status: HIGH
refresh_hw_device [lindex [get_hw_devices xc7a100t_0] 0]
INFO: [Labtools 27-1434] Device xc7a100t (JTAG device index = 0) is programmed with a design that has no supported debug core(s) in it.
WARNING: [Labtools 27-3123] The debug hub core was not detected at User Scan Chain 1 or 3.
Resolution: 
1. Make sure the clock connected to the debug hub (dbg_hub) core is a free running clock and is active OR
2. Manually launch hw_server with -e "set xsdb-user-bscan <C_USER_SCAN_CHAIN scan_chain_number>" to detect the debug hub at User Scan Chain of 2 or 4. To determine the user scan chain setting, open the implemented design and use: get_property C_USER_SCAN_CHAIN [get_debug_cores dbg_hub].
set_property PROBES.FILE {} [lindex [get_hw_devices xc7a100t_0] 0]
set_property PROGRAM.FILE {C:/Users/hamas/Documents/Carleton/ELEC3500/Lab9/Audio V2/lab9_v2/lab9_v2.runs/impl_1/top.bit} [lindex [get_hw_devices xc7a100t_0] 0]
program_hw_devices [lindex [get_hw_devices xc7a100t_0] 0]
INFO: [Labtools 27-3164] End of startup status: HIGH
refresh_hw_device [lindex [get_hw_devices xc7a100t_0] 0]
INFO: [Labtools 27-1434] Device xc7a100t (JTAG device index = 0) is programmed with a design that has no supported debug core(s) in it.
WARNING: [Labtools 27-3123] The debug hub core was not detected at User Scan Chain 1 or 3.
Resolution: 
1. Make sure the clock connected to the debug hub (dbg_hub) core is a free running clock and is active OR
2. Manually launch hw_server with -e "set xsdb-user-bscan <C_USER_SCAN_CHAIN scan_chain_number>" to detect the debug hub at User Scan Chain of 2 or 4. To determine the user scan chain setting, open the implemented design and use: get_property C_USER_SCAN_CHAIN [get_debug_cores dbg_hub].
reset_run impl_1 -prev_step 
launch_runs impl_1 -to_step write_bitstream -jobs 6
WARNING: [Vivado 12-872] Run step 'Design Initialization' is out-of-date.
[Fri Apr 09 14:05:00 2021] Launched impl_1...
Run output will be captured here: C:/Users/hamas/Documents/Carleton/ELEC3500/Lab9/Audio V2/lab9_v2/lab9_v2.runs/impl_1/runme.log
set_property PROBES.FILE {} [lindex [get_hw_devices xc7a100t_0] 0]
set_property PROGRAM.FILE {C:/Users/hamas/Documents/Carleton/ELEC3500/Lab9/Audio V2/lab9_v2/lab9_v2.runs/impl_1/top.bit} [lindex [get_hw_devices xc7a100t_0] 0]
program_hw_devices [lindex [get_hw_devices xc7a100t_0] 0]
INFO: [Labtools 27-3164] End of startup status: HIGH
refresh_hw_device [lindex [get_hw_devices xc7a100t_0] 0]
INFO: [Labtools 27-1434] Device xc7a100t (JTAG device index = 0) is programmed with a design that has no supported debug core(s) in it.
WARNING: [Labtools 27-3123] The debug hub core was not detected at User Scan Chain 1 or 3.
Resolution: 
1. Make sure the clock connected to the debug hub (dbg_hub) core is a free running clock and is active OR
2. Manually launch hw_server with -e "set xsdb-user-bscan <C_USER_SCAN_CHAIN scan_chain_number>" to detect the debug hub at User Scan Chain of 2 or 4. To determine the user scan chain setting, open the implemented design and use: get_property C_USER_SCAN_CHAIN [get_debug_cores dbg_hub].
reset_run synth_1
launch_runs impl_1 -to_step write_bitstream -jobs 6
[Fri Apr 09 14:06:40 2021] Launched synth_1...
Run output will be captured here: C:/Users/hamas/Documents/Carleton/ELEC3500/Lab9/Audio V2/lab9_v2/lab9_v2.runs/synth_1/runme.log
[Fri Apr 09 14:06:40 2021] Launched impl_1...
Run output will be captured here: C:/Users/hamas/Documents/Carleton/ELEC3500/Lab9/Audio V2/lab9_v2/lab9_v2.runs/impl_1/runme.log
open_run impl_1
INFO: [Netlist 29-17] Analyzing 16 Unisim elements for replacement
INFO: [Netlist 29-28] Unisim Transformation completed in 0 CPU seconds
INFO: [Project 1-479] Netlist was created with Vivado 2016.3
INFO: [Device 21-403] Loading part xc7a100tcsg324-1
INFO: [Common 17-41] Interrupt caught. Command should exit soon.
INFO: [Common 17-344] 'open_run' was cancelled
WARNING: [IP_Flow 19-4684] Expected long value for param target_clock_frequency but, float/scientific notation value 2.5 is provided. The value is converted to long type(2)
WARNING: [IP_Flow 19-4684] Expected long value for param target_clock_frequency but, float/scientific notation value 2.5 is provided. The value is converted to long type(2)
create_ip -name xfft -vendor xilinx.com -library ip -version 9.0 -module_name xfft_0
set_property -dict [list CONFIG.target_clock_frequency {2} CONFIG.number_of_stages_using_block_ram_for_data_and_phase_factors {3}] [get_ips xfft_0]
generate_target {instantiation_template} [get_files {{c:/Users/hamas/Documents/Carleton/ELEC3500/Lab9/Audio V2/lab9_v2/lab9_v2.srcs/sources_1/ip/xfft_0/xfft_0.xci}}]
INFO: [IP_Flow 19-1686] Generating 'Instantiation Template' target for IP 'xfft_0'...
generate_target all [get_files  {{c:/Users/hamas/Documents/Carleton/ELEC3500/Lab9/Audio V2/lab9_v2/lab9_v2.srcs/sources_1/ip/xfft_0/xfft_0.xci}}]
INFO: [IP_Flow 19-1686] Generating 'Synthesis' target for IP 'xfft_0'...
INFO: [IP_Flow 19-1686] Generating 'Simulation' target for IP 'xfft_0'...
INFO: [IP_Flow 19-1686] Generating 'C Simulation' target for IP 'xfft_0'...
INFO: [IP_Flow 19-1686] Generating 'Test Bench' target for IP 'xfft_0'...
INFO: [IP_Flow 19-1686] Generating 'Change Log' target for IP 'xfft_0'...
catch { config_ip_cache -export [get_ips -all xfft_0] }
export_ip_user_files -of_objects [get_files {{c:/Users/hamas/Documents/Carleton/ELEC3500/Lab9/Audio V2/lab9_v2/lab9_v2.srcs/sources_1/ip/xfft_0/xfft_0.xci}}] -no_script -sync -force -quiet
create_ip_run [get_files -of_objects [get_fileset sources_1] {{c:/Users/hamas/Documents/Carleton/ELEC3500/Lab9/Audio V2/lab9_v2/lab9_v2.srcs/sources_1/ip/xfft_0/xfft_0.xci}}]
launch_runs -jobs 6 xfft_0_synth_1
[Fri Apr 09 14:10:35 2021] Launched xfft_0_synth_1...
Run output will be captured here: C:/Users/hamas/Documents/Carleton/ELEC3500/Lab9/Audio V2/lab9_v2/lab9_v2.runs/xfft_0_synth_1/runme.log
INFO: [Vivado 12-4357] Exporting simulation files for 'xfft_0'... please wait for 'xfft_0_synth_1' run to finish...
wait_on_run xfft_0_synth_1
[Fri Apr 09 14:10:35 2021] Waiting for xfft_0_synth_1 to finish...
[Fri Apr 09 14:10:40 2021] Waiting for xfft_0_synth_1 to finish...
[Fri Apr 09 14:10:45 2021] Waiting for xfft_0_synth_1 to finish...
[Fri Apr 09 14:10:50 2021] Waiting for xfft_0_synth_1 to finish...
[Fri Apr 09 14:11:00 2021] Waiting for xfft_0_synth_1 to finish...
[Fri Apr 09 14:11:10 2021] Waiting for xfft_0_synth_1 to finish...
[Fri Apr 09 14:11:21 2021] Waiting for xfft_0_synth_1 to finish...
[Fri Apr 09 14:11:31 2021] Waiting for xfft_0_synth_1 to finish...
[Fri Apr 09 14:11:51 2021] Waiting for xfft_0_synth_1 to finish...
[Fri Apr 09 14:12:11 2021] Waiting for xfft_0_synth_1 to finish...
[Fri Apr 09 14:12:32 2021] Waiting for xfft_0_synth_1 to finish...
[Fri Apr 09 14:12:52 2021] Waiting for xfft_0_synth_1 to finish...
INFO: [Common 17-41] Interrupt caught. Command should exit soon.
[Fri Apr 09 14:13:12 2021] Interrupt received
wait_on_run: Time (s): cpu = 00:00:02 ; elapsed = 00:02:37 . Memory (MB): peak = 1358.969 ; gain = 0.000
INFO: [Common 17-344] 'wait_on_run' was cancelled
ERROR: [Labtools 27-2269] No devices detected on target localhost:3121/xilinx_tcf/Digilent/210292B06735A.
Check cable connectivity and that the target board is powered up then
use the disconnect_hw_server and connect_hw_server to re-register this hardware target.
ERROR: [Labtoolstcl 44-513] HW Target shutdown. Closing target: localhost:3121/xilinx_tcf/Digilent/210292B06735A
