#-----------------------------------------------------------
# Vivado v2016.3 (64-bit)
# SW Build 1682563 on Mon Oct 10 19:07:27 MDT 2016
# IP Build 1681267 on Mon Oct 10 21:28:31 MDT 2016
# Start of session at: Wed Apr 14 13:52:46 2021
# Process ID: 23240
# Current directory: C:/Users/hamas/Documents/Carleton/ELEC3500/Lab9/Project_V5- with implementation - audio_connected/project_1
# Command line: vivado.exe -gui_launcher_event rodinguilauncherevent5172 C:\Users\hamas\Documents\Carleton\ELEC3500\Lab9\Project_V5- with implementation - audio_connected\project_1\project_1.xpr
# Log file: C:/Users/hamas/Documents/Carleton/ELEC3500/Lab9/Project_V5- with implementation - audio_connected/project_1/vivado.log
# Journal file: C:/Users/hamas/Documents/Carleton/ELEC3500/Lab9/Project_V5- with implementation - audio_connected/project_1\vivado.jou
#-----------------------------------------------------------
start_gui
open_project {C:/Users/hamas/Documents/Carleton/ELEC3500/Lab9/Project_V5- with implementation - audio_connected/project_1/project_1.xpr}
INFO: [ProjectBase 1-489] The host OS only allows 260 characters in a normal path. The project is stored in a path with more than 80 characters. If you experience issues with IP, Block Designs, or files not being found, please consider moving the project to a location with a shorter path. Alternately consider using the OS subst command to map part of the path to a drive letter.
Current project path is 'C:/Users/hamas/Documents/Carleton/ELEC3500/Lab9/Project_V5- with implementation - audio_connected/project_1'
INFO: [Project 1-313] Project file moved from 'C:/Users/hamas/Documents/Carleton/ELEC3500/Lab9/Project_V2 - with implementation - Copy/project_1' since last save.
Scanning sources...
Finished scanning sources
INFO: [IP_Flow 19-234] Refreshing IP repositories
INFO: [IP_Flow 19-1704] No user IP repositories specified
INFO: [IP_Flow 19-2313] Loaded Vivado IP repository 'C:/Xilinx/Vivado/2016.3/data/ip'.
reset_run synth_1
launch_runs impl_1 -to_step write_bitstream -jobs 6
[Wed Apr 14 13:58:55 2021] Launched synth_1...
Run output will be captured here: C:/Users/hamas/Documents/Carleton/ELEC3500/Lab9/Project_V5- with implementation - audio_connected/project_1/project_1.runs/synth_1/runme.log
[Wed Apr 14 13:58:55 2021] Launched impl_1...
Run output will be captured here: C:/Users/hamas/Documents/Carleton/ELEC3500/Lab9/Project_V5- with implementation - audio_connected/project_1/project_1.runs/impl_1/runme.log
open_hw
connect_hw_server
INFO: [Labtools 27-2285] Connecting to hw_server url TCP:localhost:3121
ERROR: [Labtoolstcl 44-494] There is no active target available for server at localhost.
 Targets(s) ", jsn-Nexys A7 -100T-210292B06735A" may be locked by another hw_server.
reset_run synth_1
launch_runs impl_1 -to_step write_bitstream -jobs 6
[Wed Apr 14 14:02:04 2021] Launched synth_1...
Run output will be captured here: C:/Users/hamas/Documents/Carleton/ELEC3500/Lab9/Project_V5- with implementation - audio_connected/project_1/project_1.runs/synth_1/runme.log
[Wed Apr 14 14:02:04 2021] Launched impl_1...
Run output will be captured here: C:/Users/hamas/Documents/Carleton/ELEC3500/Lab9/Project_V5- with implementation - audio_connected/project_1/project_1.runs/impl_1/runme.log
disconnect_hw_server localhost:3121
connect_hw_server
INFO: [Labtools 27-2285] Connecting to hw_server url TCP:localhost:3121
ERROR: [Labtoolstcl 44-494] There is no active target available for server at localhost.
 Targets(s) ", jsn-Nexys A7 -100T-210292B06735A" may be locked by another hw_server.
disconnect_hw_server localhost:3121
connect_hw_server
INFO: [Labtools 27-2285] Connecting to hw_server url TCP:localhost:3121
ERROR: [Labtoolstcl 44-494] There is no active target available for server at localhost.
 Targets(s) ", jsn-Nexys A7 -100T-210292B06735A" may be locked by another hw_server.
disconnect_hw_server localhost:3121
connect_hw_server
INFO: [Labtools 27-2285] Connecting to hw_server url TCP:localhost:3121
open_hw_target
INFO: [Labtoolstcl 44-466] Opening hw_target localhost:3121/xilinx_tcf/Digilent/210292B06735A
set_property PROGRAM.FILE {C:/Users/hamas/Documents/Carleton/ELEC3500/Lab9/Project_V5- with implementation - audio_connected/project_1/project_1.runs/impl_1/top.bit} [lindex [get_hw_devices xc7a100t_0] 0]
current_hw_device [lindex [get_hw_devices xc7a100t_0] 0]
refresh_hw_device -update_hw_probes false [lindex [get_hw_devices xc7a100t_0] 0]
INFO: [Labtools 27-1435] Device xc7a100t (JTAG device index = 0) is not programmed (DONE status = 0).
set_property PROBES.FILE {} [lindex [get_hw_devices xc7a100t_0] 0]
set_property PROGRAM.FILE {C:/Users/hamas/Documents/Carleton/ELEC3500/Lab9/Project_V5- with implementation - audio_connected/project_1/project_1.runs/impl_1/top.bit} [lindex [get_hw_devices xc7a100t_0] 0]
program_hw_devices [lindex [get_hw_devices xc7a100t_0] 0]
INFO: [Labtools 27-3164] End of startup status: HIGH
refresh_hw_device [lindex [get_hw_devices xc7a100t_0] 0]
INFO: [Labtools 27-1434] Device xc7a100t (JTAG device index = 0) is programmed with a design that has no supported debug core(s) in it.
WARNING: [Labtools 27-3123] The debug hub core was not detected at User Scan Chain 1 or 3.
Resolution: 
1. Make sure the clock connected to the debug hub (dbg_hub) core is a free running clock and is active OR
2. Manually launch hw_server with -e "set xsdb-user-bscan <C_USER_SCAN_CHAIN scan_chain_number>" to detect the debug hub at User Scan Chain of 2 or 4. To determine the user scan chain setting, open the implemented design and use: get_property C_USER_SCAN_CHAIN [get_debug_cores dbg_hub].
ERROR: [Labtoolstcl 44-513] HW Target shutdown. Closing target: localhost:3121/xilinx_tcf/Digilent/210292B06735A
INFO: [Labtoolstcl 44-466] Opening hw_target localhost:3121/xilinx_tcf/Digilent/210292B06735A
INFO: [Labtools 27-1435] Device xc7a100t (JTAG device index = 0) is not programmed (DONE status = 0).
set_property PROBES.FILE {} [lindex [get_hw_devices xc7a100t_0] 0]
set_property PROGRAM.FILE {C:/Users/hamas/Documents/Carleton/ELEC3500/Lab9/Project_V5- with implementation - audio_connected/project_1/project_1.runs/impl_1/top.bit} [lindex [get_hw_devices xc7a100t_0] 0]
program_hw_devices [lindex [get_hw_devices xc7a100t_0] 0]
INFO: [Labtools 27-3164] End of startup status: HIGH
refresh_hw_device [lindex [get_hw_devices xc7a100t_0] 0]
INFO: [Labtools 27-1434] Device xc7a100t (JTAG device index = 0) is programmed with a design that has no supported debug core(s) in it.
WARNING: [Labtools 27-3123] The debug hub core was not detected at User Scan Chain 1 or 3.
Resolution: 
1. Make sure the clock connected to the debug hub (dbg_hub) core is a free running clock and is active OR
2. Manually launch hw_server with -e "set xsdb-user-bscan <C_USER_SCAN_CHAIN scan_chain_number>" to detect the debug hub at User Scan Chain of 2 or 4. To determine the user scan chain setting, open the implemented design and use: get_property C_USER_SCAN_CHAIN [get_debug_cores dbg_hub].
ERROR: [Labtools 27-2269] No devices detected on target localhost:3121/xilinx_tcf/Digilent/210292B06735A.
Check cable connectivity and that the target board is powered up then
use the disconnect_hw_server and connect_hw_server to re-register this hardware target.
ERROR: [Labtoolstcl 44-513] HW Target shutdown. Closing target: localhost:3121/xilinx_tcf/Digilent/210292B06735A
INFO: [Labtoolstcl 44-466] Opening hw_target localhost:3121/xilinx_tcf/Digilent/210292B06735A
INFO: [Labtools 27-1434] Device xc7a100t (JTAG device index = 0) is programmed with a design that has no supported debug core(s) in it.
WARNING: [Labtools 27-3123] The debug hub core was not detected at User Scan Chain 1 or 3.
Resolution: 
1. Make sure the clock connected to the debug hub (dbg_hub) core is a free running clock and is active OR
2. Manually launch hw_server with -e "set xsdb-user-bscan <C_USER_SCAN_CHAIN scan_chain_number>" to detect the debug hub at User Scan Chain of 2 or 4. To determine the user scan chain setting, open the implemented design and use: get_property C_USER_SCAN_CHAIN [get_debug_cores dbg_hub].
ERROR: [Labtools 27-2269] No devices detected on target localhost:3121/xilinx_tcf/Digilent/210292B06735A.
Check cable connectivity and that the target board is powered up then
use the disconnect_hw_server and connect_hw_server to re-register this hardware target.
ERROR: [Labtoolstcl 44-513] HW Target shutdown. Closing target: localhost:3121/xilinx_tcf/Digilent/210292B06735A
exit
INFO: [Common 17-206] Exiting Vivado at Thu Apr 15 09:25:58 2021...
