Unable to capture context for thread 19148 in process 75500, can not generate back trace
Unable to capture context for thread 19148 in process 75500, can not generate back trace
Exception at PC 0x00007FFFEC95BB93
Printing stacktrace...

Exception at PC 0x00007FF880383B29
Exception at PC 0x00007FF880383B29
Exception at PC 0x00007FF880383B29
Exception at PC 0x00007FF880383B29
Exception at PC 0x00007FF880383B29
Exception at PC 0x00007FF880383B29
Exception at PC 0x00007FF880383B29
Exception at PC 0x00007FF880383B29
[0]  [0x00007FFFEC95BB93]
[1]  [0x00007FFFEC95BB93]
[2]  [0x00007FFFEC95B4A1]
[3]  [0x00007FFFEC95B3EF]
[4]  [0x00007FFFEC9419FE]
[5]  [0x00007FFFEC940ED1]
[6]  [0x00007FFFEC940D76]
[7]  [0x00007FFFEC8E79F6]
[8]  [0x00007FFFEC8D7AFB]
[9]  [0x00007FFFEC9FE90A]
[10]  [0x00007FFFECA19F87]
[11]  [0x00007FFFECA1A05F]
[12] (BaseThreadInitThunk+0x14) [0x00007FF881337C24]
[13] (RtlUserThreadStart+0x21) [0x00007FF88260D721]
Done
Exception at PC 0x00007FF880383B29
Exception at PC 0x00007FF880383B29
Exception at PC 0x00007FF880383B29
Exception at PC 0x00007FF880383B29
Exception at PC 0x00007FF880383B29
Exception at PC 0x00007FF880383B29
Exception at PC 0x00007FF880383B29
Exception at PC 0x00007FF880383B29
Exception at PC 0x00007FF880383B29
Exception at PC 0x00007FF880383B29
