
*** Running vivado
    with args -log top.vds -m64 -product Vivado -mode batch -messageDb vivado.pb -notrace -source top.tcl


****** Vivado v2016.3 (64-bit)
  **** SW Build 1682563 on Mon Oct 10 19:07:27 MDT 2016
  **** IP Build 1681267 on Mon Oct 10 21:28:31 MDT 2016
    ** Copyright 1986-2016 Xilinx, Inc. All Rights Reserved.

source top.tcl -notrace
Command: synth_design -top top -part xc7a100tcsg324-1
Starting synth_design
Attempting to get a license for feature 'Synthesis' and/or device 'xc7a100t'
INFO: [Common 17-349] Got license for feature 'Synthesis' and/or device 'xc7a100t'
INFO: Launching helper process for spawning children vivado processes
INFO: Helper process launched with PID 580 
---------------------------------------------------------------------------------
Starting RTL Elaboration : Time (s): cpu = 00:00:03 ; elapsed = 00:00:05 . Memory (MB): peak = 287.555 ; gain = 78.117
---------------------------------------------------------------------------------
INFO: [Synth 8-638] synthesizing module 'top' [C:/Users/hamas/Documents/Carleton/ELEC3500/Lab9/Microphone - v2/lab9_v2/lab9_v2.srcs/sources_1/imports/hdl/top.v:22]
INFO: [Synth 8-638] synthesizing module 'clk_wiz_0' [C:/Users/hamas/Documents/Carleton/ELEC3500/Lab9/Microphone - v2/lab9_v2/lab9_v2.runs/synth_1/.Xil/Vivado-18072-DESKTOP-V2DGADJ/realtime/clk_wiz_0_stub.v:5]
INFO: [Synth 8-256] done synthesizing module 'clk_wiz_0' (1#1) [C:/Users/hamas/Documents/Carleton/ELEC3500/Lab9/Microphone - v2/lab9_v2/lab9_v2.runs/synth_1/.Xil/Vivado-18072-DESKTOP-V2DGADJ/realtime/clk_wiz_0_stub.v:5]
INFO: [Synth 8-638] synthesizing module 'cic_compiler_0' [C:/Users/hamas/Documents/Carleton/ELEC3500/Lab9/Microphone - v2/lab9_v2/lab9_v2.runs/synth_1/.Xil/Vivado-18072-DESKTOP-V2DGADJ/realtime/cic_compiler_0_stub.v:6]
INFO: [Synth 8-256] done synthesizing module 'cic_compiler_0' (2#1) [C:/Users/hamas/Documents/Carleton/ELEC3500/Lab9/Microphone - v2/lab9_v2/lab9_v2.runs/synth_1/.Xil/Vivado-18072-DESKTOP-V2DGADJ/realtime/cic_compiler_0_stub.v:6]
WARNING: [Synth 8-689] width (1) of port connection 's_axis_data_tdata' does not match port width (8) of module 'cic_compiler_0' [C:/Users/hamas/Documents/Carleton/ELEC3500/Lab9/Microphone - v2/lab9_v2/lab9_v2.srcs/sources_1/imports/hdl/top.v:129]
WARNING: [Synth 8-3848] Net aclk in module/entity top does not have driver. [C:/Users/hamas/Documents/Carleton/ELEC3500/Lab9/Microphone - v2/lab9_v2/lab9_v2.srcs/sources_1/imports/hdl/top.v:128]
INFO: [Synth 8-256] done synthesizing module 'top' (3#1) [C:/Users/hamas/Documents/Carleton/ELEC3500/Lab9/Microphone - v2/lab9_v2/lab9_v2.srcs/sources_1/imports/hdl/top.v:22]
WARNING: [Synth 8-3917] design top has port M_LRSEL driven by constant 1
WARNING: [Synth 8-3331] design top has unconnected port enable
---------------------------------------------------------------------------------
Finished RTL Elaboration : Time (s): cpu = 00:00:04 ; elapsed = 00:00:06 . Memory (MB): peak = 325.000 ; gain = 115.563
---------------------------------------------------------------------------------

Report Check Netlist: 
+------+------------------+-------+---------+-------+------------------+
|      |Item              |Errors |Warnings |Status |Description       |
+------+------------------+-------+---------+-------+------------------+
|1     |multi_driven_nets |      0|        0|Passed |Multi driven nets |
+------+------------------+-------+---------+-------+------------------+
---------------------------------------------------------------------------------
Finished RTL Optimization Phase 1 : Time (s): cpu = 00:00:04 ; elapsed = 00:00:06 . Memory (MB): peak = 325.000 ; gain = 115.563
---------------------------------------------------------------------------------
WARNING: [Project 1-486] Could not resolve non-primitive black box cell 'cic_compiler_0' instantiated as 'stance_name' [C:/Users/hamas/Documents/Carleton/ELEC3500/Lab9/Microphone - v2/lab9_v2/lab9_v2.srcs/sources_1/imports/hdl/top.v:127]
WARNING: [Project 1-486] Could not resolve non-primitive black box cell 'clk_wiz_0' instantiated as 'demo_clk' [C:/Users/hamas/Documents/Carleton/ELEC3500/Lab9/Microphone - v2/lab9_v2/lab9_v2.srcs/sources_1/imports/hdl/top.v:40]
INFO: [Device 21-403] Loading part xc7a100tcsg324-1
INFO: [Project 1-570] Preparing netlist for logic optimization

Processing XDC Constraints
Initializing timing engine
Parsing XDC File [C:/Users/hamas/Documents/Carleton/ELEC3500/Lab9/Microphone - v2/lab9_v2/lab9_v2.runs/synth_1/.Xil/Vivado-18072-DESKTOP-V2DGADJ/dcp/clk_wiz_0_in_context.xdc] for cell 'demo_clk'
Finished Parsing XDC File [C:/Users/hamas/Documents/Carleton/ELEC3500/Lab9/Microphone - v2/lab9_v2/lab9_v2.runs/synth_1/.Xil/Vivado-18072-DESKTOP-V2DGADJ/dcp/clk_wiz_0_in_context.xdc] for cell 'demo_clk'
Parsing XDC File [C:/Users/hamas/Documents/Carleton/ELEC3500/Lab9/Microphone - v2/lab9_v2/lab9_v2.runs/synth_1/.Xil/Vivado-18072-DESKTOP-V2DGADJ/dcp_2/cic_compiler_0_in_context.xdc] for cell 'stance_name'
Finished Parsing XDC File [C:/Users/hamas/Documents/Carleton/ELEC3500/Lab9/Microphone - v2/lab9_v2/lab9_v2.runs/synth_1/.Xil/Vivado-18072-DESKTOP-V2DGADJ/dcp_2/cic_compiler_0_in_context.xdc] for cell 'stance_name'
Parsing XDC File [C:/Users/hamas/Documents/Carleton/ELEC3500/Lab9/Microphone - v2/lab9_v2/lab9_v2.srcs/constrs_1/imports/constraints/Nexys-A7-100T-Master.xdc]
Finished Parsing XDC File [C:/Users/hamas/Documents/Carleton/ELEC3500/Lab9/Microphone - v2/lab9_v2/lab9_v2.srcs/constrs_1/imports/constraints/Nexys-A7-100T-Master.xdc]
INFO: [Project 1-236] Implementation specific constraints were found while reading constraint file [C:/Users/hamas/Documents/Carleton/ELEC3500/Lab9/Microphone - v2/lab9_v2/lab9_v2.srcs/constrs_1/imports/constraints/Nexys-A7-100T-Master.xdc]. These constraints will be ignored for synthesis but will be used in implementation. Impacted constraints are listed in the file [.Xil/top_propImpl.xdc].
Resolution: To avoid this warning, move constraints listed in [.Xil/top_propImpl.xdc] to another XDC file and exclude this new file from synthesis with the used_in_synthesis property (File Properties dialog in GUI) and re-run elaboration/synthesis.
Completed Processing XDC Constraints

INFO: [Project 1-111] Unisim Transformation Summary:
No Unisim elements were transformed.

Constraint Validation Runtime : Time (s): cpu = 00:00:00 ; elapsed = 00:00:00 . Memory (MB): peak = 638.297 ; gain = 0.000
---------------------------------------------------------------------------------
Finished Constraint Validation : Time (s): cpu = 00:00:11 ; elapsed = 00:00:13 . Memory (MB): peak = 638.297 ; gain = 428.859
---------------------------------------------------------------------------------
---------------------------------------------------------------------------------
Start Loading Part and Timing Information
---------------------------------------------------------------------------------
Loading part: xc7a100tcsg324-1
---------------------------------------------------------------------------------
Finished Loading Part and Timing Information : Time (s): cpu = 00:00:11 ; elapsed = 00:00:13 . Memory (MB): peak = 638.297 ; gain = 428.859
---------------------------------------------------------------------------------
---------------------------------------------------------------------------------
Start Applying 'set_property' XDC Constraints
---------------------------------------------------------------------------------
Applied set_property IO_BUFFER_TYPE = NONE for CLK100MHZ. (constraint file  {C:/Users/hamas/Documents/Carleton/ELEC3500/Lab9/Microphone - v2/lab9_v2/lab9_v2.runs/synth_1/.Xil/Vivado-18072-DESKTOP-V2DGADJ/dcp/clk_wiz_0_in_context.xdc}, line 3).
Applied set_property CLOCK_BUFFER_TYPE = NONE for CLK100MHZ. (constraint file  {C:/Users/hamas/Documents/Carleton/ELEC3500/Lab9/Microphone - v2/lab9_v2/lab9_v2.runs/synth_1/.Xil/Vivado-18072-DESKTOP-V2DGADJ/dcp/clk_wiz_0_in_context.xdc}, line 4).
---------------------------------------------------------------------------------
Finished applying 'set_property' XDC Constraints : Time (s): cpu = 00:00:11 ; elapsed = 00:00:13 . Memory (MB): peak = 638.297 ; gain = 428.859
---------------------------------------------------------------------------------
---------------------------------------------------------------------------------
Finished RTL Optimization Phase 2 : Time (s): cpu = 00:00:11 ; elapsed = 00:00:14 . Memory (MB): peak = 638.297 ; gain = 428.859
---------------------------------------------------------------------------------

Report RTL Partitions: 
+-+--------------+------------+----------+
| |RTL Partition |Replication |Instances |
+-+--------------+------------+----------+
+-+--------------+------------+----------+
---------------------------------------------------------------------------------
Start RTL Component Statistics 
---------------------------------------------------------------------------------
Detailed RTL Component Info : 
+---Adders : 
	   2 Input      4 Bit       Adders := 1     
	   2 Input      1 Bit       Adders := 1     
+---Registers : 
	               16 Bit    Registers := 1     
	                4 Bit    Registers := 1     
	                1 Bit    Registers := 4     
+---Muxes : 
	   2 Input      4 Bit        Muxes := 1     
	   2 Input      1 Bit        Muxes := 1     
---------------------------------------------------------------------------------
Finished RTL Component Statistics 
---------------------------------------------------------------------------------
---------------------------------------------------------------------------------
Start RTL Hierarchical Component Statistics 
---------------------------------------------------------------------------------
Hierarchical RTL Component report 
Module top 
Detailed RTL Component Info : 
+---Adders : 
	   2 Input      4 Bit       Adders := 1     
	   2 Input      1 Bit       Adders := 1     
+---Registers : 
	               16 Bit    Registers := 1     
	                4 Bit    Registers := 1     
	                1 Bit    Registers := 4     
+---Muxes : 
	   2 Input      4 Bit        Muxes := 1     
	   2 Input      1 Bit        Muxes := 1     
---------------------------------------------------------------------------------
Finished RTL Hierarchical Component Statistics
---------------------------------------------------------------------------------
---------------------------------------------------------------------------------
Start Part Resource Summary
---------------------------------------------------------------------------------
Part Resources:
DSPs: 240 (col length:80)
BRAMs: 270 (col length: RAMB18 80 RAMB36 40)
---------------------------------------------------------------------------------
Finished Part Resource Summary
---------------------------------------------------------------------------------
---------------------------------------------------------------------------------
Start Cross Boundary and Area Optimization
---------------------------------------------------------------------------------
WARNING: [Synth 8-3917] design top has port M_LRSEL driven by constant 1
WARNING: [Synth 8-3331] design top has unconnected port enable
INFO: [Synth 8-3333] propagating constant 0 across sequential element (i_0/\sampling_period_reg[3] )
INFO: [Synth 8-3886] merging instance 'i_0/counter2_reg[8]' (FDC) to 'i_0/counter2_reg[14]'
INFO: [Synth 8-3886] merging instance 'i_0/counter2_reg[6]' (FDC) to 'i_0/counter2_reg[14]'
INFO: [Synth 8-3886] merging instance 'i_0/counter2_reg[7]' (FDC) to 'i_0/counter2_reg[14]'
INFO: [Synth 8-3886] merging instance 'i_0/counter2_reg[10]' (FDC) to 'i_0/counter2_reg[14]'
INFO: [Synth 8-3886] merging instance 'i_0/counter2_reg[9]' (FDC) to 'i_0/counter2_reg[14]'
INFO: [Synth 8-3886] merging instance 'i_0/counter2_reg[14]' (FDC) to 'i_0/counter2_reg[13]'
INFO: [Synth 8-3886] merging instance 'i_0/counter2_reg[12]' (FDC) to 'i_0/counter2_reg[13]'
INFO: [Synth 8-3886] merging instance 'i_0/counter2_reg[11]' (FDC) to 'i_0/counter2_reg[13]'
INFO: [Synth 8-3333] propagating constant 0 across sequential element (i_0/\counter2_reg[13] )
INFO: [Synth 8-3886] merging instance 'i_0/led_counter_reg[17]' (FDC) to 'i_0/led_counter_reg[15]'
INFO: [Synth 8-3886] merging instance 'i_0/led_counter_reg[16]' (FDC) to 'i_0/led_counter_reg[15]'
INFO: [Synth 8-3886] merging instance 'i_0/led_counter_reg[18]' (FDC) to 'i_0/led_counter_reg[15]'
INFO: [Synth 8-3886] merging instance 'i_0/led_counter_reg[20]' (FDC) to 'i_0/led_counter_reg[15]'
INFO: [Synth 8-3886] merging instance 'i_0/led_counter_reg[15]' (FDC) to 'i_0/led_counter_reg[19]'
INFO: [Synth 8-3886] merging instance 'i_0/led_counter_reg[21]' (FDC) to 'i_0/led_counter_reg[19]'
INFO: [Synth 8-3333] propagating constant 0 across sequential element (i_0/\led_counter_reg[19] )
WARNING: [Synth 8-3332] Sequential element (counter2_reg[13]) is unused and will be removed from module top.
WARNING: [Synth 8-3332] Sequential element (led_counter_reg[19]) is unused and will be removed from module top.
WARNING: [Synth 8-3332] Sequential element (sampling_period_reg[3]) is unused and will be removed from module top.
---------------------------------------------------------------------------------
Finished Cross Boundary and Area Optimization : Time (s): cpu = 00:00:11 ; elapsed = 00:00:14 . Memory (MB): peak = 638.297 ; gain = 428.859
---------------------------------------------------------------------------------

Report RTL Partitions: 
+-+--------------+------------+----------+
| |RTL Partition |Replication |Instances |
+-+--------------+------------+----------+
+-+--------------+------------+----------+
---------------------------------------------------------------------------------
Start Timing Optimization
---------------------------------------------------------------------------------
---------------------------------------------------------------------------------
Start Applying XDC Timing Constraints
---------------------------------------------------------------------------------
INFO: [Synth 8-5578] Moved timing constraint from pin 'demo_clk/clk_out1' to pin 'demo_clk/bbstub_clk_out1/O'
INFO: [Synth 8-5819] Moved 1 constraints on hierarchical pins to their respective driving/loading pins
---------------------------------------------------------------------------------
Finished Applying XDC Timing Constraints : Time (s): cpu = 00:00:19 ; elapsed = 00:00:22 . Memory (MB): peak = 638.297 ; gain = 428.859
---------------------------------------------------------------------------------
---------------------------------------------------------------------------------
Finished Timing Optimization : Time (s): cpu = 00:00:19 ; elapsed = 00:00:22 . Memory (MB): peak = 638.297 ; gain = 428.859
---------------------------------------------------------------------------------

Report RTL Partitions: 
+-+--------------+------------+----------+
| |RTL Partition |Replication |Instances |
+-+--------------+------------+----------+
+-+--------------+------------+----------+
---------------------------------------------------------------------------------
Start Technology Mapping
---------------------------------------------------------------------------------
---------------------------------------------------------------------------------
Finished Technology Mapping : Time (s): cpu = 00:00:19 ; elapsed = 00:00:22 . Memory (MB): peak = 638.297 ; gain = 428.859
---------------------------------------------------------------------------------

Report RTL Partitions: 
+-+--------------+------------+----------+
| |RTL Partition |Replication |Instances |
+-+--------------+------------+----------+
+-+--------------+------------+----------+
---------------------------------------------------------------------------------
Start IO Insertion
---------------------------------------------------------------------------------
---------------------------------------------------------------------------------
Start Flattening Before IO Insertion
---------------------------------------------------------------------------------
---------------------------------------------------------------------------------
Finished Flattening Before IO Insertion
---------------------------------------------------------------------------------
---------------------------------------------------------------------------------
Start Final Netlist Cleanup
---------------------------------------------------------------------------------
---------------------------------------------------------------------------------
Finished Final Netlist Cleanup
---------------------------------------------------------------------------------
CRITICAL WARNING: [Synth 8-4442] BlackBox module stance_name has unconnected pin aclk
---------------------------------------------------------------------------------
Finished IO Insertion : Time (s): cpu = 00:00:20 ; elapsed = 00:00:22 . Memory (MB): peak = 638.297 ; gain = 428.859
---------------------------------------------------------------------------------

Report Check Netlist: 
+------+------------------+-------+---------+-------+------------------+
|      |Item              |Errors |Warnings |Status |Description       |
+------+------------------+-------+---------+-------+------------------+
|1     |multi_driven_nets |      0|        0|Passed |Multi driven nets |
+------+------------------+-------+---------+-------+------------------+
---------------------------------------------------------------------------------
Start Renaming Generated Instances
---------------------------------------------------------------------------------
---------------------------------------------------------------------------------
Finished Renaming Generated Instances : Time (s): cpu = 00:00:20 ; elapsed = 00:00:22 . Memory (MB): peak = 638.297 ; gain = 428.859
---------------------------------------------------------------------------------

Report RTL Partitions: 
+-+--------------+------------+----------+
| |RTL Partition |Replication |Instances |
+-+--------------+------------+----------+
+-+--------------+------------+----------+
---------------------------------------------------------------------------------
Start Rebuilding User Hierarchy
---------------------------------------------------------------------------------
---------------------------------------------------------------------------------
Finished Rebuilding User Hierarchy : Time (s): cpu = 00:00:20 ; elapsed = 00:00:22 . Memory (MB): peak = 638.297 ; gain = 428.859
---------------------------------------------------------------------------------
---------------------------------------------------------------------------------
Start Renaming Generated Ports
---------------------------------------------------------------------------------
---------------------------------------------------------------------------------
Finished Renaming Generated Ports : Time (s): cpu = 00:00:20 ; elapsed = 00:00:22 . Memory (MB): peak = 638.297 ; gain = 428.859
---------------------------------------------------------------------------------
---------------------------------------------------------------------------------
Start Handling Custom Attributes
---------------------------------------------------------------------------------
---------------------------------------------------------------------------------
Finished Handling Custom Attributes : Time (s): cpu = 00:00:20 ; elapsed = 00:00:22 . Memory (MB): peak = 638.297 ; gain = 428.859
---------------------------------------------------------------------------------
---------------------------------------------------------------------------------
Start Renaming Generated Nets
---------------------------------------------------------------------------------
---------------------------------------------------------------------------------
Finished Renaming Generated Nets : Time (s): cpu = 00:00:20 ; elapsed = 00:00:22 . Memory (MB): peak = 638.297 ; gain = 428.859
---------------------------------------------------------------------------------
---------------------------------------------------------------------------------
Start Writing Synthesis Report
---------------------------------------------------------------------------------

Report BlackBoxes: 
+------+---------------+----------+
|      |BlackBox name  |Instances |
+------+---------------+----------+
|1     |clk_wiz_0      |         1|
|2     |cic_compiler_0 |         1|
+------+---------------+----------+

Report Cell Usage: 
+------+---------------+------+
|      |Cell           |Count |
+------+---------------+------+
|1     |cic_compiler_0 |     1|
|2     |clk_wiz_0      |     1|
|3     |BUFG           |     1|
|4     |CARRY4         |     6|
|5     |LUT1           |     1|
|6     |LUT2           |     3|
|7     |LUT3           |     4|
|8     |LUT4           |    18|
|9     |LUT6           |     6|
|10    |FDCE           |    44|
|11    |IBUF           |     2|
|12    |OBUF           |    18|
+------+---------------+------+

Report Instance Areas: 
+------+---------+-------+------+
|      |Instance |Module |Cells |
+------+---------+-------+------+
|1     |top      |       |   114|
+------+---------+-------+------+
---------------------------------------------------------------------------------
Finished Writing Synthesis Report : Time (s): cpu = 00:00:20 ; elapsed = 00:00:22 . Memory (MB): peak = 638.297 ; gain = 428.859
---------------------------------------------------------------------------------
Synthesis finished with 0 errors, 1 critical warnings and 5 warnings.
Synthesis Optimization Runtime : Time (s): cpu = 00:00:12 ; elapsed = 00:00:15 . Memory (MB): peak = 638.297 ; gain = 111.156
Synthesis Optimization Complete : Time (s): cpu = 00:00:20 ; elapsed = 00:00:22 . Memory (MB): peak = 638.297 ; gain = 428.859
INFO: [Project 1-571] Translating synthesized netlist
INFO: [Netlist 29-17] Analyzing 8 Unisim elements for replacement
INFO: [Netlist 29-28] Unisim Transformation completed in 0 CPU seconds
INFO: [Project 1-570] Preparing netlist for logic optimization
INFO: [Opt 31-138] Pushed 0 inverter(s) to 0 load pin(s).
INFO: [Project 1-111] Unisim Transformation Summary:
No Unisim elements were transformed.

INFO: [Common 17-83] Releasing license: Synthesis
38 Infos, 11 Warnings, 1 Critical Warnings and 0 Errors encountered.
synth_design completed successfully
synth_design: Time (s): cpu = 00:00:20 ; elapsed = 00:00:20 . Memory (MB): peak = 638.297 ; gain = 428.688
INFO: [Common 17-1381] The checkpoint 'C:/Users/hamas/Documents/Carleton/ELEC3500/Lab9/Microphone - v2/lab9_v2/lab9_v2.runs/synth_1/top.dcp' has been generated.
report_utilization: Time (s): cpu = 00:00:00 ; elapsed = 00:00:00.008 . Memory (MB): peak = 638.297 ; gain = 0.000
INFO: [Common 17-206] Exiting Vivado at Wed Apr 14 02:21:51 2021...
