
*** Running vivado
    with args -log cic_compiler_0.vds -m64 -product Vivado -mode batch -messageDb vivado.pb -notrace -source cic_compiler_0.tcl


****** Vivado v2016.3 (64-bit)
  **** SW Build 1682563 on Mon Oct 10 19:07:27 MDT 2016
  **** IP Build 1681267 on Mon Oct 10 21:28:31 MDT 2016
    ** Copyright 1986-2016 Xilinx, Inc. All Rights Reserved.

source cic_compiler_0.tcl -notrace
Starting RTL Elaboration : Time (s): cpu = 00:00:04 ; elapsed = 00:00:07 . Memory (MB): peak = 297.145 ; gain = 87.508
INFO: [Synth 8-638] synthesizing module 'cic_compiler_0' [c:/Users/hamas/Documents/Carleton/ELEC3500/Lab9/Microphone - v2/lab9_v2/lab9_v2.srcs/sources_1/ip/cic_compiler_0/synth/cic_compiler_0.vhd:70]
INFO: [Synth 8-256] done synthesizing module 'cic_compiler_0' (9#1) [c:/Users/hamas/Documents/Carleton/ELEC3500/Lab9/Microphone - v2/lab9_v2/lab9_v2.srcs/sources_1/ip/cic_compiler_0/synth/cic_compiler_0.vhd:70]
Finished RTL Elaboration : Time (s): cpu = 00:00:06 ; elapsed = 00:00:08 . Memory (MB): peak = 341.113 ; gain = 131.477
Finished RTL Optimization Phase 1 : Time (s): cpu = 00:00:06 ; elapsed = 00:00:08 . Memory (MB): peak = 341.113 ; gain = 131.477
INFO: [Device 21-403] Loading part xc7a100tcsg324-1
Constraint Validation Runtime : Time (s): cpu = 00:00:00 ; elapsed = 00:00:00.010 . Memory (MB): peak = 567.703 ; gain = 0.000
Finished Constraint Validation : Time (s): cpu = 00:00:13 ; elapsed = 00:00:16 . Memory (MB): peak = 567.703 ; gain = 358.066
Finished Loading Part and Timing Information : Time (s): cpu = 00:00:13 ; elapsed = 00:00:16 . Memory (MB): peak = 567.703 ; gain = 358.066
Finished applying 'set_property' XDC Constraints : Time (s): cpu = 00:00:13 ; elapsed = 00:00:16 . Memory (MB): peak = 567.703 ; gain = 358.066
Finished RTL Optimization Phase 2 : Time (s): cpu = 00:00:13 ; elapsed = 00:00:16 . Memory (MB): peak = 567.703 ; gain = 358.066
Finished Cross Boundary and Area Optimization : Time (s): cpu = 00:00:13 ; elapsed = 00:00:16 . Memory (MB): peak = 567.703 ; gain = 358.066
Finished Applying XDC Timing Constraints : Time (s): cpu = 00:00:24 ; elapsed = 00:00:27 . Memory (MB): peak = 633.523 ; gain = 423.887
Finished Timing Optimization : Time (s): cpu = 00:00:24 ; elapsed = 00:00:27 . Memory (MB): peak = 645.426 ; gain = 435.789
Finished Technology Mapping : Time (s): cpu = 00:00:24 ; elapsed = 00:00:27 . Memory (MB): peak = 654.238 ; gain = 444.602
Finished IO Insertion : Time (s): cpu = 00:00:25 ; elapsed = 00:00:28 . Memory (MB): peak = 654.238 ; gain = 444.602
Finished Renaming Generated Instances : Time (s): cpu = 00:00:25 ; elapsed = 00:00:28 . Memory (MB): peak = 654.238 ; gain = 444.602
Finished Rebuilding User Hierarchy : Time (s): cpu = 00:00:25 ; elapsed = 00:00:28 . Memory (MB): peak = 654.238 ; gain = 444.602
Finished Renaming Generated Ports : Time (s): cpu = 00:00:25 ; elapsed = 00:00:28 . Memory (MB): peak = 654.238 ; gain = 444.602
Finished Handling Custom Attributes : Time (s): cpu = 00:00:25 ; elapsed = 00:00:28 . Memory (MB): peak = 654.238 ; gain = 444.602
Finished Renaming Generated Nets : Time (s): cpu = 00:00:25 ; elapsed = 00:00:28 . Memory (MB): peak = 654.238 ; gain = 444.602

Report Cell Usage: 
+------+--------+------+
|      |Cell    |Count |
+------+--------+------+
|1     |CARRY4  |     8|
|2     |DSP48E1 |     2|
|3     |LUT1    |    29|
|4     |LUT2    |     5|
|5     |LUT3    |     6|
|6     |LUT4    |    12|
|7     |LUT5    |     7|
|8     |LUT6    |     5|
|9     |SRL16E  |     5|
|10    |FDRE    |    87|
|11    |FDSE    |     1|
+------+--------+------+
Finished Writing Synthesis Report : Time (s): cpu = 00:00:25 ; elapsed = 00:00:28 . Memory (MB): peak = 654.238 ; gain = 444.602
synth_design: Time (s): cpu = 00:00:25 ; elapsed = 00:00:26 . Memory (MB): peak = 654.238 ; gain = 435.309
