#-----------------------------------------------------------
# Vivado v2016.3 (64-bit)
# SW Build 1682563 on Mon Oct 10 19:07:27 MDT 2016
# IP Build 1681267 on Mon Oct 10 21:28:31 MDT 2016
# Start of session at: Fri Apr 09 11:41:31 2021
# Process ID: 50672
# Current directory: C:/Users/hamas/Documents/Carleton/ELEC3500/Lab9/Microphone/lab9_v2
# Command line: vivado.exe -gui_launcher_event rodinguilauncherevent65760 C:\Users\hamas\Documents\Carleton\ELEC3500\Lab9\Microphone\lab9_v2\lab9_v2.xpr
# Log file: C:/Users/hamas/Documents/Carleton/ELEC3500/Lab9/Microphone/lab9_v2/vivado.log
# Journal file: C:/Users/hamas/Documents/Carleton/ELEC3500/Lab9/Microphone/lab9_v2\vivado.jou
#-----------------------------------------------------------
start_gui
open_project C:/Users/hamas/Documents/Carleton/ELEC3500/Lab9/Microphone/lab9_v2/lab9_v2.xpr
Scanning sources...
Finished scanning sources
INFO: [IP_Flow 19-234] Refreshing IP repositories
INFO: [IP_Flow 19-1704] No user IP repositories specified
INFO: [IP_Flow 19-2313] Loaded Vivado IP repository 'C:/Xilinx/Vivado/2016.3/data/ip'.
create_ip -name xfft -vendor xilinx.com -library ip -version 9.0 -module_name xfft_0
set_property -dict [list CONFIG.target_clock_frequency {2} CONFIG.number_of_stages_using_block_ram_for_data_and_phase_factors {3}] [get_ips xfft_0]
generate_target {instantiation_template} [get_files c:/Users/hamas/Documents/Carleton/ELEC3500/Lab9/Microphone/lab9_v2/lab9_v2.srcs/sources_1/ip/xfft_0/xfft_0.xci]
INFO: [IP_Flow 19-1686] Generating 'Instantiation Template' target for IP 'xfft_0'...
generate_target all [get_files  c:/Users/hamas/Documents/Carleton/ELEC3500/Lab9/Microphone/lab9_v2/lab9_v2.srcs/sources_1/ip/xfft_0/xfft_0.xci]
INFO: [IP_Flow 19-1686] Generating 'Synthesis' target for IP 'xfft_0'...
INFO: [IP_Flow 19-1686] Generating 'Simulation' target for IP 'xfft_0'...
INFO: [IP_Flow 19-1686] Generating 'C Simulation' target for IP 'xfft_0'...
INFO: [IP_Flow 19-1686] Generating 'Test Bench' target for IP 'xfft_0'...
INFO: [IP_Flow 19-1686] Generating 'Change Log' target for IP 'xfft_0'...
catch { config_ip_cache -export [get_ips -all xfft_0] }
export_ip_user_files -of_objects [get_files c:/Users/hamas/Documents/Carleton/ELEC3500/Lab9/Microphone/lab9_v2/lab9_v2.srcs/sources_1/ip/xfft_0/xfft_0.xci] -no_script -sync -force -quiet
create_ip_run [get_files -of_objects [get_fileset sources_1] c:/Users/hamas/Documents/Carleton/ELEC3500/Lab9/Microphone/lab9_v2/lab9_v2.srcs/sources_1/ip/xfft_0/xfft_0.xci]
launch_runs -jobs 6 xfft_0_synth_1
[Fri Apr 09 14:12:19 2021] Launched xfft_0_synth_1...
Run output will be captured here: C:/Users/hamas/Documents/Carleton/ELEC3500/Lab9/Microphone/lab9_v2/lab9_v2.runs/xfft_0_synth_1/runme.log
INFO: [Vivado 12-4357] Exporting simulation files for 'xfft_0'... please wait for 'xfft_0_synth_1' run to finish...
wait_on_run xfft_0_synth_1
[Fri Apr 09 14:12:19 2021] Waiting for xfft_0_synth_1 to finish...
[Fri Apr 09 14:12:25 2021] Waiting for xfft_0_synth_1 to finish...
[Fri Apr 09 14:12:30 2021] Waiting for xfft_0_synth_1 to finish...
[Fri Apr 09 14:12:35 2021] Waiting for xfft_0_synth_1 to finish...
[Fri Apr 09 14:12:45 2021] Waiting for xfft_0_synth_1 to finish...
[Fri Apr 09 14:12:55 2021] Waiting for xfft_0_synth_1 to finish...
[Fri Apr 09 14:13:05 2021] Waiting for xfft_0_synth_1 to finish...
[Fri Apr 09 14:13:15 2021] Waiting for xfft_0_synth_1 to finish...
[Fri Apr 09 14:13:36 2021] Waiting for xfft_0_synth_1 to finish...
[Fri Apr 09 14:13:56 2021] Waiting for xfft_0_synth_1 to finish...
[Fri Apr 09 14:14:16 2021] Waiting for xfft_0_synth_1 to finish...
[Fri Apr 09 14:14:36 2021] Waiting for xfft_0_synth_1 to finish...
[Fri Apr 09 14:15:17 2021] Waiting for xfft_0_synth_1 to finish...
[Fri Apr 09 14:15:22 2021] xfft_0_synth_1 finished
wait_on_run: Time (s): cpu = 00:00:03 ; elapsed = 00:03:02 . Memory (MB): peak = 969.141 ; gain = 24.914
export_simulation -of_objects [get_files c:/Users/hamas/Documents/Carleton/ELEC3500/Lab9/Microphone/lab9_v2/lab9_v2.srcs/sources_1/ip/xfft_0/xfft_0.xci] -directory C:/Users/hamas/Documents/Carleton/ELEC3500/Lab9/Microphone/lab9_v2/lab9_v2.ip_user_files/sim_scripts -ip_user_files_dir C:/Users/hamas/Documents/Carleton/ELEC3500/Lab9/Microphone/lab9_v2/lab9_v2.ip_user_files -ipstatic_source_dir C:/Users/hamas/Documents/Carleton/ELEC3500/Lab9/Microphone/lab9_v2/lab9_v2.ip_user_files/ipstatic -lib_map_path [list {modelsim=C:/Users/hamas/Documents/Carleton/ELEC3500/Lab9/Microphone/lab9_v2/lab9_v2.cache/compile_simlib/modelsim} {questa=C:/Users/hamas/Documents/Carleton/ELEC3500/Lab9/Microphone/lab9_v2/lab9_v2.cache/compile_simlib/questa} {riviera=C:/Users/hamas/Documents/Carleton/ELEC3500/Lab9/Microphone/lab9_v2/lab9_v2.cache/compile_simlib/riviera} {activehdl=C:/Users/hamas/Documents/Carleton/ELEC3500/Lab9/Microphone/lab9_v2/lab9_v2.cache/compile_simlib/activehdl}] -use_ip_compiled_libs -force -quiet
exit
INFO: [Common 17-206] Exiting Vivado at Fri Apr 09 14:35:08 2021...
