#-----------------------------------------------------------
# Vivado v2016.3 (64-bit)
# SW Build 1682563 on Mon Oct 10 19:07:27 MDT 2016
# IP Build 1681267 on Mon Oct 10 21:28:31 MDT 2016
# Start of session at: Wed Apr 14 16:44:07 2021
# Process ID: 24156
# Current directory: C:/Users/hamas/Documents/Carleton/ELEC3500/Lab9/Project_V5- with implementation - audio_independant/project_1
# Command line: vivado.exe -gui_launcher_event rodinguilauncherevent26384 C:\Users\hamas\Documents\Carleton\ELEC3500\Lab9\Project_V5- with implementation - audio_independant\project_1\project_1.xpr
# Log file: C:/Users/hamas/Documents/Carleton/ELEC3500/Lab9/Project_V5- with implementation - audio_independant/project_1/vivado.log
# Journal file: C:/Users/hamas/Documents/Carleton/ELEC3500/Lab9/Project_V5- with implementation - audio_independant/project_1\vivado.jou
#-----------------------------------------------------------
start_gui
open_project {C:/Users/hamas/Documents/Carleton/ELEC3500/Lab9/Project_V5- with implementation - audio_independant/project_1/project_1.xpr}
INFO: [ProjectBase 1-489] The host OS only allows 260 characters in a normal path. The project is stored in a path with more than 80 characters. If you experience issues with IP, Block Designs, or files not being found, please consider moving the project to a location with a shorter path. Alternately consider using the OS subst command to map part of the path to a drive letter.
Current project path is 'C:/Users/hamas/Documents/Carleton/ELEC3500/Lab9/Project_V5- with implementation - audio_independant/project_1'
INFO: [Project 1-313] Project file moved from 'C:/Users/hamas/Documents/Carleton/ELEC3500/Lab9/Project_V2 - with implementation - Copy/project_1' since last save.
Scanning sources...
Finished scanning sources
INFO: [IP_Flow 19-234] Refreshing IP repositories
INFO: [IP_Flow 19-1704] No user IP repositories specified
INFO: [IP_Flow 19-2313] Loaded Vivado IP repository 'C:/Xilinx/Vivado/2016.3/data/ip'.
reset_run synth_1
launch_runs impl_1 -to_step write_bitstream -jobs 6
[Wed Apr 14 16:44:34 2021] Launched synth_1...
Run output will be captured here: C:/Users/hamas/Documents/Carleton/ELEC3500/Lab9/Project_V5- with implementation - audio_independant/project_1/project_1.runs/synth_1/runme.log
[Wed Apr 14 16:44:34 2021] Launched impl_1...
Run output will be captured here: C:/Users/hamas/Documents/Carleton/ELEC3500/Lab9/Project_V5- with implementation - audio_independant/project_1/project_1.runs/impl_1/runme.log
exit
INFO: [Common 17-206] Exiting Vivado at Thu Apr 15 09:26:22 2021...
