Copyright 1986-2016 Xilinx, Inc. All Rights Reserved.
------------------------------------------------------------------------------------
| Tool Version : Vivado v.2016.3 (win64) Build 1682563 Mon Oct 10 19:07:27 MDT 2016
| Date         : Fri Apr 09 13:38:33 2021
| Host         : DESKTOP-V2DGADJ running 64-bit major release  (build 9200)
| Command      : report_control_sets -verbose -file top_control_sets_placed.rpt
| Design       : top
| Device       : xc7a100t
------------------------------------------------------------------------------------

Control Set Information

Table of Contents
-----------------
1. Summary
2. Flip-Flop Distribution
3. Detailed Control Set Information

1. Summary
----------

+----------------------------------------------------------+-------+
|                          Status                          | Count |
+----------------------------------------------------------+-------+
| Number of unique control sets                            |    18 |
| Unused register locations in slices containing registers |    79 |
+----------------------------------------------------------+-------+


2. Flip-Flop Distribution
-------------------------

+--------------+-----------------------+------------------------+-----------------+--------------+
| Clock Enable | Synchronous Set/Reset | Asynchronous Set/Reset | Total Registers | Total Slices |
+--------------+-----------------------+------------------------+-----------------+--------------+
| No           | No                    | No                     |              12 |            5 |
| No           | No                    | Yes                    |              33 |           11 |
| No           | Yes                   | No                     |               0 |            0 |
| Yes          | No                    | No                     |               0 |            0 |
| Yes          | No                    | Yes                    |              64 |           18 |
| Yes          | Yes                   | No                     |              52 |           16 |
+--------------+-----------------------+------------------------+-----------------+--------------+


3. Detailed Control Set Information
-----------------------------------

+-----------------------------------+---------------------------------------+-------------------------------------------+------------------+----------------+
|            Clock Signal           |             Enable Signal             |              Set/Reset Signal             | Slice Load Count | Bel Load Count |
+-----------------------------------+---------------------------------------+-------------------------------------------+------------------+----------------+
|  timestone/CLK_BUFG               | mikeymouse/sampling_period1_n_0       | reset_IBUF                                |                1 |              1 |
|  timestone/dormammu/inst/clk_out1 |                                       |                                           |                2 |              2 |
|  timestone/pulse_500Hz            |                                       | reset_IBUF                                |                1 |              3 |
|  pulse_1Hz_BUFG                   |                                       | reset_IBUF                                |                1 |              4 |
|  pulse_1Hz_BUFG                   | realitystone/E[0]                     | reset_IBUF                                |                1 |              4 |
|  pulse_1Hz_BUFG                   | soulstone/load_minute_ones_reg[3][0]  | reset_IBUF                                |                1 |              4 |
|  pulse_1Hz_BUFG                   | mindstone/load_minute_tens[3]_i_1_n_0 | reset_IBUF                                |                1 |              4 |
|  pulse_1Hz_BUFG                   | mindstone/load_second_tens[3]_i_1_n_0 | reset_IBUF                                |                1 |              4 |
|  pulse_1Hz_BUFG                   | mindstone/second_ones_reg[3][0]       | reset_IBUF                                |                2 |              4 |
|  pulse_1Hz_BUFG                   | spacestone/minute_ones[3]_i_1_n_0     | reset_IBUF                                |                1 |              4 |
|  pulse_1Hz_BUFG                   | spacestone/minute_tens[3]_i_1_n_0     | reset_IBUF                                |                2 |              4 |
|  pulse_1Hz_BUFG                   | spacestone/second_tens[3]_i_1_n_0     | reset_IBUF                                |                2 |              4 |
|  timestone/CLK_BUFG               |                                       | reset_IBUF                                |                2 |              8 |
|  timestone/pulse_500Hz            |                                       |                                           |                3 |             10 |
|  timestone/dormammu/inst/clk_out1 |                                       | reset_IBUF                                |                7 |             18 |
|  timestone/dormammu/inst/clk_out1 | timestone/p_0_in                      | timestone/divider_count_500Hz[25]_i_1_n_0 |                8 |             26 |
|  timestone/dormammu/inst/clk_out1 | timestone/p_0_in                      | timestone/divider_count_1Hz[25]_i_1_n_0   |                8 |             26 |
|  timestone/CLK_BUFG               | mikeymouse/load                       | reset_IBUF                                |                6 |             31 |
+-----------------------------------+---------------------------------------+-------------------------------------------+------------------+----------------+


+--------+-----------------------+
| Fanout | Number of ControlSets |
+--------+-----------------------+
| 1      |                     1 |
| 2      |                     1 |
| 3      |                     1 |
| 4      |                     9 |
| 8      |                     1 |
| 10     |                     1 |
| 16+    |                     4 |
+--------+-----------------------+


