#-----------------------------------------------------------
# Vivado v2016.3 (64-bit)
# SW Build 1682563 on Mon Oct 10 19:07:27 MDT 2016
# IP Build 1681267 on Mon Oct 10 21:28:31 MDT 2016
# Start of session at: Mon Apr 12 18:14:55 2021
# Process ID: 37764
# Current directory: C:/Users/hamas/Documents/Carleton/ELEC3500/Lab9/Project_V2/project_1
# Command line: vivado.exe -gui_launcher_event rodinguilauncherevent43276 C:\Users\hamas\Documents\Carleton\ELEC3500\Lab9\Project_V2\project_1\project_1.xpr
# Log file: C:/Users/hamas/Documents/Carleton/ELEC3500/Lab9/Project_V2/project_1/vivado.log
# Journal file: C:/Users/hamas/Documents/Carleton/ELEC3500/Lab9/Project_V2/project_1\vivado.jou
#-----------------------------------------------------------
start_gui
open_project C:/Users/hamas/Documents/Carleton/ELEC3500/Lab9/Project_V2/project_1/project_1.xpr
Scanning sources...
Finished scanning sources
INFO: [IP_Flow 19-234] Refreshing IP repositories
INFO: [IP_Flow 19-1704] No user IP repositories specified
INFO: [IP_Flow 19-2313] Loaded Vivado IP repository 'C:/Xilinx/Vivado/2016.3/data/ip'.
exit
INFO: [Common 17-206] Exiting Vivado at Mon Apr 12 18:16:02 2021...
