
*** Running vivado
    with args -log top.vds -m64 -product Vivado -mode batch -messageDb vivado.pb -notrace -source top.tcl


****** Vivado v2016.3 (64-bit)
  **** SW Build 1682563 on Mon Oct 10 19:07:27 MDT 2016
  **** IP Build 1681267 on Mon Oct 10 21:28:31 MDT 2016
    ** Copyright 1986-2016 Xilinx, Inc. All Rights Reserved.

source top.tcl -notrace
Command: synth_design -top top -part xc7a100tcsg324-1
Starting synth_design
Attempting to get a license for feature 'Synthesis' and/or device 'xc7a100t'
INFO: [Common 17-349] Got license for feature 'Synthesis' and/or device 'xc7a100t'
INFO: Launching helper process for spawning children vivado processes
INFO: Helper process launched with PID 23076 
---------------------------------------------------------------------------------
Starting RTL Elaboration : Time (s): cpu = 00:00:03 ; elapsed = 00:00:06 . Memory (MB): peak = 288.156 ; gain = 78.809
---------------------------------------------------------------------------------
INFO: [Synth 8-638] synthesizing module 'top' [C:/Users/hamas/Documents/Carleton/ELEC3500/Lab9/Project_V5- with implementation - audio_independant/project_1/project_1.srcs/sources_1/imports/hdl/top.v:22]
INFO: [Synth 8-638] synthesizing module 'clock' [C:/Users/hamas/Documents/Carleton/ELEC3500/Lab9/Project_V5- with implementation - audio_independant/project_1/project_1.srcs/sources_1/imports/hdl/clock.v:22]
INFO: [Synth 8-638] synthesizing module 'clk_wiz_0' [C:/Users/hamas/Documents/Carleton/ELEC3500/Lab9/Project_V5- with implementation - audio_independant/project_1/project_1.runs/synth_1/.Xil/Vivado-6368-DESKTOP-V2DGADJ/realtime/clk_wiz_0_stub.v:5]
INFO: [Synth 8-256] done synthesizing module 'clk_wiz_0' (1#1) [C:/Users/hamas/Documents/Carleton/ELEC3500/Lab9/Project_V5- with implementation - audio_independant/project_1/project_1.runs/synth_1/.Xil/Vivado-6368-DESKTOP-V2DGADJ/realtime/clk_wiz_0_stub.v:5]
INFO: [Synth 8-256] done synthesizing module 'clock' (2#1) [C:/Users/hamas/Documents/Carleton/ELEC3500/Lab9/Project_V5- with implementation - audio_independant/project_1/project_1.srcs/sources_1/imports/hdl/clock.v:22]
INFO: [Synth 8-638] synthesizing module 'debounce' [C:/Users/hamas/Documents/Carleton/ELEC3500/Lab9/Project_V5- with implementation - audio_independant/project_1/project_1.srcs/sources_1/imports/hdl/debounce.v:22]
	Parameter S0 bound to: 0 - type: integer 
	Parameter S1 bound to: 1 - type: integer 
	Parameter S11 bound to: 2 - type: integer 
INFO: [Synth 8-256] done synthesizing module 'debounce' (3#1) [C:/Users/hamas/Documents/Carleton/ELEC3500/Lab9/Project_V5- with implementation - audio_independant/project_1/project_1.srcs/sources_1/imports/hdl/debounce.v:22]
INFO: [Synth 8-638] synthesizing module 'egg_timer_fsm' [C:/Users/hamas/Documents/Carleton/ELEC3500/Lab9/Project_V5- with implementation - audio_independant/project_1/project_1.srcs/sources_1/imports/hdl/egg_timer_fsm.v:22]
	Parameter set_time bound to: 0 - type: integer 
	Parameter timer_state bound to: 1 - type: integer 
INFO: [Synth 8-226] default block is never used [C:/Users/hamas/Documents/Carleton/ELEC3500/Lab9/Project_V5- with implementation - audio_independant/project_1/project_1.srcs/sources_1/imports/hdl/egg_timer_fsm.v:50]
INFO: [Synth 8-256] done synthesizing module 'egg_timer_fsm' (4#1) [C:/Users/hamas/Documents/Carleton/ELEC3500/Lab9/Project_V5- with implementation - audio_independant/project_1/project_1.srcs/sources_1/imports/hdl/egg_timer_fsm.v:22]
INFO: [Synth 8-638] synthesizing module 'timer' [C:/Users/hamas/Documents/Carleton/ELEC3500/Lab9/Project_V5- with implementation - audio_independant/project_1/project_1.srcs/sources_1/imports/hdl/timer.v:22]
INFO: [Synth 8-256] done synthesizing module 'timer' (5#1) [C:/Users/hamas/Documents/Carleton/ELEC3500/Lab9/Project_V5- with implementation - audio_independant/project_1/project_1.srcs/sources_1/imports/hdl/timer.v:22]
INFO: [Synth 8-638] synthesizing module 'bcdto7segment_display' [C:/Users/hamas/Documents/Carleton/ELEC3500/Lab9/Project_V5- with implementation - audio_independant/project_1/project_1.srcs/sources_1/imports/hdl/bcdto7segment_display.v:22]
	Parameter sec1 bound to: 8'b11111110 
	Parameter sec2 bound to: 8'b11111101 
	Parameter min1 bound to: 8'b11111011 
	Parameter min2 bound to: 8'b11110111 
INFO: [Synth 8-638] synthesizing module 'bcdto7segment_dataflow' [C:/Users/hamas/Documents/Carleton/ELEC3500/Lab9/Project_V5- with implementation - audio_independant/project_1/project_1.srcs/sources_1/imports/hdl/bcdto7segment_dataflow.v:23]
INFO: [Synth 8-256] done synthesizing module 'bcdto7segment_dataflow' (6#1) [C:/Users/hamas/Documents/Carleton/ELEC3500/Lab9/Project_V5- with implementation - audio_independant/project_1/project_1.srcs/sources_1/imports/hdl/bcdto7segment_dataflow.v:23]
INFO: [Synth 8-226] default block is never used [C:/Users/hamas/Documents/Carleton/ELEC3500/Lab9/Project_V5- with implementation - audio_independant/project_1/project_1.srcs/sources_1/imports/hdl/bcdto7segment_display.v:48]
INFO: [Synth 8-256] done synthesizing module 'bcdto7segment_display' (7#1) [C:/Users/hamas/Documents/Carleton/ELEC3500/Lab9/Project_V5- with implementation - audio_independant/project_1/project_1.srcs/sources_1/imports/hdl/bcdto7segment_display.v:22]
INFO: [Synth 8-638] synthesizing module 'microphone' [C:/Users/hamas/Documents/Carleton/ELEC3500/Lab9/Project_V5- with implementation - audio_independant/src/hdl/microphone.v:23]
INFO: [Synth 8-256] done synthesizing module 'microphone' (8#1) [C:/Users/hamas/Documents/Carleton/ELEC3500/Lab9/Project_V5- with implementation - audio_independant/src/hdl/microphone.v:23]
INFO: [Synth 8-638] synthesizing module 'Audio' [C:/Users/hamas/Documents/Carleton/ELEC3500/Lab9/Project_V5- with implementation - audio_independant/src/hdl/Audio.v:23]
INFO: [Synth 8-256] done synthesizing module 'Audio' (9#1) [C:/Users/hamas/Documents/Carleton/ELEC3500/Lab9/Project_V5- with implementation - audio_independant/src/hdl/Audio.v:23]
INFO: [Synth 8-256] done synthesizing module 'top' (10#1) [C:/Users/hamas/Documents/Carleton/ELEC3500/Lab9/Project_V5- with implementation - audio_independant/project_1/project_1.srcs/sources_1/imports/hdl/top.v:22]
WARNING: [Synth 8-3331] design Audio has unconnected port reset
---------------------------------------------------------------------------------
Finished RTL Elaboration : Time (s): cpu = 00:00:04 ; elapsed = 00:00:07 . Memory (MB): peak = 325.594 ; gain = 116.246
---------------------------------------------------------------------------------

Report Check Netlist: 
+------+------------------+-------+---------+-------+------------------+
|      |Item              |Errors |Warnings |Status |Description       |
+------+------------------+-------+---------+-------+------------------+
|1     |multi_driven_nets |      0|        0|Passed |Multi driven nets |
+------+------------------+-------+---------+-------+------------------+
---------------------------------------------------------------------------------
Finished RTL Optimization Phase 1 : Time (s): cpu = 00:00:04 ; elapsed = 00:00:07 . Memory (MB): peak = 325.594 ; gain = 116.246
---------------------------------------------------------------------------------
WARNING: [Project 1-486] Could not resolve non-primitive black box cell 'clk_wiz_0' instantiated as 'timestone/dormammu' [C:/Users/hamas/Documents/Carleton/ELEC3500/Lab9/Project_V5- with implementation - audio_independant/project_1/project_1.srcs/sources_1/imports/hdl/clock.v:40]
INFO: [Device 21-403] Loading part xc7a100tcsg324-1
INFO: [Project 1-570] Preparing netlist for logic optimization

Processing XDC Constraints
Initializing timing engine
Parsing XDC File [C:/Users/hamas/Documents/Carleton/ELEC3500/Lab9/Project_V5- with implementation - audio_independant/project_1/project_1.runs/synth_1/.Xil/Vivado-6368-DESKTOP-V2DGADJ/dcp/clk_wiz_0_in_context.xdc] for cell 'timestone/dormammu'
Finished Parsing XDC File [C:/Users/hamas/Documents/Carleton/ELEC3500/Lab9/Project_V5- with implementation - audio_independant/project_1/project_1.runs/synth_1/.Xil/Vivado-6368-DESKTOP-V2DGADJ/dcp/clk_wiz_0_in_context.xdc] for cell 'timestone/dormammu'
Parsing XDC File [C:/Users/hamas/Documents/Carleton/ELEC3500/Lab9/Project_V5- with implementation - audio_independant/project_1/project_1.srcs/constrs_1/imports/constraints/Nexys-A7-100T-Master.xdc]
Finished Parsing XDC File [C:/Users/hamas/Documents/Carleton/ELEC3500/Lab9/Project_V5- with implementation - audio_independant/project_1/project_1.srcs/constrs_1/imports/constraints/Nexys-A7-100T-Master.xdc]
INFO: [Project 1-236] Implementation specific constraints were found while reading constraint file [C:/Users/hamas/Documents/Carleton/ELEC3500/Lab9/Project_V5- with implementation - audio_independant/project_1/project_1.srcs/constrs_1/imports/constraints/Nexys-A7-100T-Master.xdc]. These constraints will be ignored for synthesis but will be used in implementation. Impacted constraints are listed in the file [.Xil/top_propImpl.xdc].
Resolution: To avoid this warning, move constraints listed in [.Xil/top_propImpl.xdc] to another XDC file and exclude this new file from synthesis with the used_in_synthesis property (File Properties dialog in GUI) and re-run elaboration/synthesis.
Completed Processing XDC Constraints

INFO: [Project 1-111] Unisim Transformation Summary:
No Unisim elements were transformed.

Constraint Validation Runtime : Time (s): cpu = 00:00:00 ; elapsed = 00:00:00.004 . Memory (MB): peak = 640.383 ; gain = 0.000
---------------------------------------------------------------------------------
Finished Constraint Validation : Time (s): cpu = 00:00:11 ; elapsed = 00:00:15 . Memory (MB): peak = 640.383 ; gain = 431.035
---------------------------------------------------------------------------------
---------------------------------------------------------------------------------
Start Loading Part and Timing Information
---------------------------------------------------------------------------------
Loading part: xc7a100tcsg324-1
---------------------------------------------------------------------------------
Finished Loading Part and Timing Information : Time (s): cpu = 00:00:11 ; elapsed = 00:00:15 . Memory (MB): peak = 640.383 ; gain = 431.035
---------------------------------------------------------------------------------
---------------------------------------------------------------------------------
Start Applying 'set_property' XDC Constraints
---------------------------------------------------------------------------------
Applied set_property IO_BUFFER_TYPE = NONE for CLK100MHZ. (constraint file  {C:/Users/hamas/Documents/Carleton/ELEC3500/Lab9/Project_V5- with implementation - audio_independant/project_1/project_1.runs/synth_1/.Xil/Vivado-6368-DESKTOP-V2DGADJ/dcp/clk_wiz_0_in_context.xdc}, line 4).
Applied set_property CLOCK_BUFFER_TYPE = NONE for CLK100MHZ. (constraint file  {C:/Users/hamas/Documents/Carleton/ELEC3500/Lab9/Project_V5- with implementation - audio_independant/project_1/project_1.runs/synth_1/.Xil/Vivado-6368-DESKTOP-V2DGADJ/dcp/clk_wiz_0_in_context.xdc}, line 5).
---------------------------------------------------------------------------------
Finished applying 'set_property' XDC Constraints : Time (s): cpu = 00:00:11 ; elapsed = 00:00:15 . Memory (MB): peak = 640.383 ; gain = 431.035
---------------------------------------------------------------------------------
INFO: [Synth 8-5545] ROM "pulse_500Hz" won't be mapped to RAM because address size (26) is larger than maximum supported(25)
INFO: [Synth 8-5545] ROM "pulse_1Hz" won't be mapped to RAM because address size (26) is larger than maximum supported(25)
INFO: [Synth 8-5546] ROM "pulse_100KHz" won't be mapped to RAM because it is too sparse
INFO: [Synth 8-5544] ROM "minutes_seconds_debounce" won't be mapped to Block RAM because address size (2) smaller than threshold (5)
INFO: [Synth 8-5544] ROM "enable_seconds_load_ten" won't be mapped to Block RAM because address size (4) smaller than threshold (5)
INFO: [Synth 8-5544] ROM "enable_minutes_load_ten" won't be mapped to Block RAM because address size (4) smaller than threshold (5)
INFO: [Synth 8-5544] ROM "second_tens" won't be mapped to Block RAM because address size (4) smaller than threshold (5)
INFO: [Synth 8-5544] ROM "minute_ones" won't be mapped to Block RAM because address size (4) smaller than threshold (5)
INFO: [Synth 8-5544] ROM "minute_tens" won't be mapped to Block RAM because address size (4) smaller than threshold (5)
INFO: [Synth 8-5546] ROM "AUD_PWM" won't be mapped to RAM because it is too sparse
---------------------------------------------------------------------------------
Finished RTL Optimization Phase 2 : Time (s): cpu = 00:00:12 ; elapsed = 00:00:15 . Memory (MB): peak = 640.383 ; gain = 431.035
---------------------------------------------------------------------------------

Report RTL Partitions: 
+-+--------------+------------+----------+
| |RTL Partition |Replication |Instances |
+-+--------------+------------+----------+
+-+--------------+------------+----------+
---------------------------------------------------------------------------------
Start RTL Component Statistics 
---------------------------------------------------------------------------------
Detailed RTL Component Info : 
+---Adders : 
	   2 Input     26 Bit       Adders := 2     
	   2 Input     22 Bit       Adders := 1     
	   2 Input     16 Bit       Adders := 1     
	   2 Input     15 Bit       Adders := 1     
	   2 Input      4 Bit       Adders := 8     
	   2 Input      2 Bit       Adders := 1     
	   2 Input      1 Bit       Adders := 2     
+---Registers : 
	               26 Bit    Registers := 2     
	               22 Bit    Registers := 1     
	               16 Bit    Registers := 2     
	               15 Bit    Registers := 1     
	                8 Bit    Registers := 1     
	                4 Bit    Registers := 9     
	                2 Bit    Registers := 3     
	                1 Bit    Registers := 12    
+---Muxes : 
	   2 Input     26 Bit        Muxes := 2     
	   2 Input     22 Bit        Muxes := 2     
	   2 Input     16 Bit        Muxes := 1     
	   2 Input     15 Bit        Muxes := 1     
	   4 Input      8 Bit        Muxes := 1     
	   2 Input      4 Bit        Muxes := 13    
	   4 Input      4 Bit        Muxes := 1     
	   6 Input      2 Bit        Muxes := 2     
	   2 Input      2 Bit        Muxes := 2     
	   2 Input      1 Bit        Muxes := 24    
---------------------------------------------------------------------------------
Finished RTL Component Statistics 
---------------------------------------------------------------------------------
---------------------------------------------------------------------------------
Start RTL Hierarchical Component Statistics 
---------------------------------------------------------------------------------
Hierarchical RTL Component report 
Module clock 
Detailed RTL Component Info : 
+---Adders : 
	   2 Input     26 Bit       Adders := 2     
	   2 Input     15 Bit       Adders := 1     
	   2 Input      1 Bit       Adders := 2     
+---Registers : 
	               26 Bit    Registers := 2     
	               15 Bit    Registers := 1     
	                1 Bit    Registers := 7     
+---Muxes : 
	   2 Input     26 Bit        Muxes := 2     
	   2 Input     15 Bit        Muxes := 1     
	   2 Input      1 Bit        Muxes := 5     
Module debounce 
Detailed RTL Component Info : 
+---Registers : 
	                2 Bit    Registers := 1     
+---Muxes : 
	   6 Input      2 Bit        Muxes := 1     
	   2 Input      1 Bit        Muxes := 2     
Module egg_timer_fsm 
Detailed RTL Component Info : 
+---Adders : 
	   2 Input      4 Bit       Adders := 4     
+---Registers : 
	                4 Bit    Registers := 4     
	                1 Bit    Registers := 3     
+---Muxes : 
	   2 Input      4 Bit        Muxes := 4     
	   2 Input      2 Bit        Muxes := 2     
	   2 Input      1 Bit        Muxes := 1     
Module timer 
Detailed RTL Component Info : 
+---Adders : 
	   2 Input      4 Bit       Adders := 4     
+---Registers : 
	                4 Bit    Registers := 4     
+---Muxes : 
	   2 Input      4 Bit        Muxes := 9     
	   2 Input      1 Bit        Muxes := 10    
Module bcdto7segment_display 
Detailed RTL Component Info : 
+---Adders : 
	   2 Input      2 Bit       Adders := 1     
+---Registers : 
	                8 Bit    Registers := 1     
	                4 Bit    Registers := 1     
	                2 Bit    Registers := 1     
+---Muxes : 
	   4 Input      8 Bit        Muxes := 1     
	   4 Input      4 Bit        Muxes := 1     
Module microphone 
Detailed RTL Component Info : 
+---Adders : 
	   2 Input     22 Bit       Adders := 1     
+---Registers : 
	               22 Bit    Registers := 1     
	               16 Bit    Registers := 1     
	                1 Bit    Registers := 1     
+---Muxes : 
	   2 Input     22 Bit        Muxes := 2     
Module Audio 
Detailed RTL Component Info : 
+---Adders : 
	   2 Input     16 Bit       Adders := 1     
+---Registers : 
	               16 Bit    Registers := 1     
	                1 Bit    Registers := 1     
+---Muxes : 
	   2 Input     16 Bit        Muxes := 1     
	   2 Input      1 Bit        Muxes := 4     
---------------------------------------------------------------------------------
Finished RTL Hierarchical Component Statistics
---------------------------------------------------------------------------------
---------------------------------------------------------------------------------
Start Part Resource Summary
---------------------------------------------------------------------------------
Part Resources:
DSPs: 240 (col length:80)
BRAMs: 270 (col length: RAMB18 80 RAMB36 40)
---------------------------------------------------------------------------------
Finished Part Resource Summary
---------------------------------------------------------------------------------
---------------------------------------------------------------------------------
Start Cross Boundary and Area Optimization
---------------------------------------------------------------------------------
INFO: [Synth 8-5545] ROM "timestone/pulse_500Hz" won't be mapped to RAM because address size (26) is larger than maximum supported(25)
INFO: [Synth 8-5546] ROM "timestone/pulse_100KHz" won't be mapped to RAM because it is too sparse
INFO: [Synth 8-5545] ROM "timestone/pulse_1Hz" won't be mapped to RAM because address size (26) is larger than maximum supported(25)
INFO: [Synth 8-5546] ROM "hulksmash/AUD_PWM" won't be mapped to RAM because it is too sparse
WARNING: [Synth 8-3917] design top has port M_LRSEL driven by constant 1
WARNING: [Synth 8-3917] design top has port AUD_SD driven by constant 1
INFO: [Synth 8-3886] merging instance 'powerstone/AN_reg[4]' (FD) to 'powerstone/AN_reg[7]'
INFO: [Synth 8-3886] merging instance 'powerstone/AN_reg[5]' (FD) to 'powerstone/AN_reg[7]'
INFO: [Synth 8-3886] merging instance 'powerstone/AN_reg[6]' (FD) to 'powerstone/AN_reg[7]'
INFO: [Synth 8-3333] propagating constant 1 across sequential element (\powerstone/AN_reg[7] )
WARNING: [Synth 8-3332] Sequential element (powerstone/AN_reg[7]) is unused and will be removed from module top.
WARNING: [Synth 8-3332] Sequential element (hulksmash/sound_tone_reg[28]) is unused and will be removed from module top.
WARNING: [Synth 8-3332] Sequential element (hulksmash/sound_tone_reg[29]) is unused and will be removed from module top.
---------------------------------------------------------------------------------
Finished Cross Boundary and Area Optimization : Time (s): cpu = 00:00:13 ; elapsed = 00:00:16 . Memory (MB): peak = 640.383 ; gain = 431.035
---------------------------------------------------------------------------------

Report RTL Partitions: 
+-+--------------+------------+----------+
| |RTL Partition |Replication |Instances |
+-+--------------+------------+----------+
+-+--------------+------------+----------+
---------------------------------------------------------------------------------
Start Timing Optimization
---------------------------------------------------------------------------------
---------------------------------------------------------------------------------
Start Applying XDC Timing Constraints
---------------------------------------------------------------------------------
INFO: [Synth 8-5578] Moved timing constraint from pin 'timestone/dormammu/clk_out1' to pin 'timestone/dormammu/bbstub_clk_out1/O'
INFO: [Synth 8-5578] Moved timing constraint from pin 'timestone/dormammu/clk_out2' to pin 'timestone/dormammu/bbstub_clk_out2/O'
INFO: [Synth 8-5819] Moved 2 constraints on hierarchical pins to their respective driving/loading pins
---------------------------------------------------------------------------------
Finished Applying XDC Timing Constraints : Time (s): cpu = 00:00:21 ; elapsed = 00:00:25 . Memory (MB): peak = 640.383 ; gain = 431.035
---------------------------------------------------------------------------------
---------------------------------------------------------------------------------
Finished Timing Optimization : Time (s): cpu = 00:00:21 ; elapsed = 00:00:25 . Memory (MB): peak = 640.383 ; gain = 431.035
---------------------------------------------------------------------------------

Report RTL Partitions: 
+-+--------------+------------+----------+
| |RTL Partition |Replication |Instances |
+-+--------------+------------+----------+
+-+--------------+------------+----------+
---------------------------------------------------------------------------------
Start Technology Mapping
---------------------------------------------------------------------------------
---------------------------------------------------------------------------------
Finished Technology Mapping : Time (s): cpu = 00:00:21 ; elapsed = 00:00:25 . Memory (MB): peak = 640.383 ; gain = 431.035
---------------------------------------------------------------------------------

Report RTL Partitions: 
+-+--------------+------------+----------+
| |RTL Partition |Replication |Instances |
+-+--------------+------------+----------+
+-+--------------+------------+----------+
---------------------------------------------------------------------------------
Start IO Insertion
---------------------------------------------------------------------------------
---------------------------------------------------------------------------------
Start Flattening Before IO Insertion
---------------------------------------------------------------------------------
---------------------------------------------------------------------------------
Finished Flattening Before IO Insertion
---------------------------------------------------------------------------------
---------------------------------------------------------------------------------
Start Final Netlist Cleanup
---------------------------------------------------------------------------------
---------------------------------------------------------------------------------
Finished Final Netlist Cleanup
---------------------------------------------------------------------------------
---------------------------------------------------------------------------------
Finished IO Insertion : Time (s): cpu = 00:00:22 ; elapsed = 00:00:25 . Memory (MB): peak = 640.383 ; gain = 431.035
---------------------------------------------------------------------------------

Report Check Netlist: 
+------+------------------+-------+---------+-------+------------------+
|      |Item              |Errors |Warnings |Status |Description       |
+------+------------------+-------+---------+-------+------------------+
|1     |multi_driven_nets |      0|        0|Passed |Multi driven nets |
+------+------------------+-------+---------+-------+------------------+
---------------------------------------------------------------------------------
Start Renaming Generated Instances
---------------------------------------------------------------------------------
---------------------------------------------------------------------------------
Finished Renaming Generated Instances : Time (s): cpu = 00:00:22 ; elapsed = 00:00:25 . Memory (MB): peak = 640.383 ; gain = 431.035
---------------------------------------------------------------------------------

Report RTL Partitions: 
+-+--------------+------------+----------+
| |RTL Partition |Replication |Instances |
+-+--------------+------------+----------+
+-+--------------+------------+----------+
---------------------------------------------------------------------------------
Start Rebuilding User Hierarchy
---------------------------------------------------------------------------------
---------------------------------------------------------------------------------
Finished Rebuilding User Hierarchy : Time (s): cpu = 00:00:22 ; elapsed = 00:00:25 . Memory (MB): peak = 640.383 ; gain = 431.035
---------------------------------------------------------------------------------
---------------------------------------------------------------------------------
Start Renaming Generated Ports
---------------------------------------------------------------------------------
---------------------------------------------------------------------------------
Finished Renaming Generated Ports : Time (s): cpu = 00:00:22 ; elapsed = 00:00:25 . Memory (MB): peak = 640.383 ; gain = 431.035
---------------------------------------------------------------------------------
---------------------------------------------------------------------------------
Start Handling Custom Attributes
---------------------------------------------------------------------------------
---------------------------------------------------------------------------------
Finished Handling Custom Attributes : Time (s): cpu = 00:00:22 ; elapsed = 00:00:25 . Memory (MB): peak = 640.383 ; gain = 431.035
---------------------------------------------------------------------------------
---------------------------------------------------------------------------------
Start Renaming Generated Nets
---------------------------------------------------------------------------------
---------------------------------------------------------------------------------
Finished Renaming Generated Nets : Time (s): cpu = 00:00:22 ; elapsed = 00:00:25 . Memory (MB): peak = 640.383 ; gain = 431.035
---------------------------------------------------------------------------------
---------------------------------------------------------------------------------
Start Writing Synthesis Report
---------------------------------------------------------------------------------

Report BlackBoxes: 
+------+--------------+----------+
|      |BlackBox name |Instances |
+------+--------------+----------+
|1     |clk_wiz_0     |         1|
+------+--------------+----------+

Report Cell Usage: 
+------+----------+------+
|      |Cell      |Count |
+------+----------+------+
|1     |clk_wiz_0 |     1|
|2     |BUFG      |     3|
|3     |CARRY4    |    35|
|4     |LUT1      |   138|
|5     |LUT2      |    28|
|6     |LUT3      |    17|
|7     |LUT4      |    40|
|8     |LUT5      |    15|
|9     |LUT6      |    46|
|10    |FDCE      |    92|
|11    |FDPE      |     4|
|12    |FDRE      |    98|
|13    |FDSE      |    13|
|14    |IBUF      |    11|
|15    |OBUF      |    35|
+------+----------+------+

Report Instance Areas: 
+------+---------------+-----------------------+------+
|      |Instance       |Module                 |Cells |
+------+---------------+-----------------------+------+
|1     |top            |                       |   578|
|2     |  hulksmash    |Audio                  |   111|
|3     |  mindstone    |egg_timer_fsm          |    44|
|4     |  powerstone   |bcdto7segment_display  |    23|
|5     |    ironman    |bcdto7segment_dataflow |     7|
|6     |  realitystone |debounce               |     5|
|7     |  soulstone    |debounce_0             |     5|
|8     |  spacestone   |timer                  |    42|
|9     |  starlord     |microphone             |    93|
|10    |  timestone    |clock                  |   206|
+------+---------------+-----------------------+------+
---------------------------------------------------------------------------------
Finished Writing Synthesis Report : Time (s): cpu = 00:00:22 ; elapsed = 00:00:25 . Memory (MB): peak = 640.383 ; gain = 431.035
---------------------------------------------------------------------------------
Synthesis finished with 0 errors, 0 critical warnings and 5 warnings.
Synthesis Optimization Runtime : Time (s): cpu = 00:00:13 ; elapsed = 00:00:17 . Memory (MB): peak = 640.383 ; gain = 110.918
Synthesis Optimization Complete : Time (s): cpu = 00:00:22 ; elapsed = 00:00:25 . Memory (MB): peak = 640.383 ; gain = 431.035
INFO: [Project 1-571] Translating synthesized netlist
INFO: [Netlist 29-17] Analyzing 46 Unisim elements for replacement
INFO: [Netlist 29-28] Unisim Transformation completed in 0 CPU seconds
INFO: [Project 1-570] Preparing netlist for logic optimization
INFO: [Opt 31-138] Pushed 0 inverter(s) to 0 load pin(s).
INFO: [Project 1-111] Unisim Transformation Summary:
No Unisim elements were transformed.

INFO: [Common 17-83] Releasing license: Synthesis
64 Infos, 7 Warnings, 0 Critical Warnings and 0 Errors encountered.
synth_design completed successfully
synth_design: Time (s): cpu = 00:00:22 ; elapsed = 00:00:23 . Memory (MB): peak = 640.383 ; gain = 430.641
INFO: [Common 17-1381] The checkpoint 'C:/Users/hamas/Documents/Carleton/ELEC3500/Lab9/Project_V5- with implementation - audio_independant/project_1/project_1.runs/synth_1/top.dcp' has been generated.
report_utilization: Time (s): cpu = 00:00:00 ; elapsed = 00:00:00.017 . Memory (MB): peak = 640.383 ; gain = 0.000
INFO: [Common 17-206] Exiting Vivado at Wed Apr 14 16:45:05 2021...
