Copyright 1986-2016 Xilinx, Inc. All Rights Reserved.
-------------------------------------------------------------------------------------------------------------
| Tool Version : Vivado v.2016.3 (win64) Build 1682563 Mon Oct 10 19:07:27 MDT 2016
| Date         : Fri Apr 02 22:20:15 2021
| Host         : DESKTOP-V2DGADJ running 64-bit major release  (build 9200)
| Command      : report_methodology -file top_methodology_drc_routed.rpt -rpx top_methodology_drc_routed.rpx
| Design       : top
| Device       : xc7a100tcsg324-1
| Speed File   : -1
| Design State : Routed
-------------------------------------------------------------------------------------------------------------

Report Methodology

Table of Contents
-----------------
1. REPORT SUMMARY
2. REPORT DETAILS

1. REPORT SUMMARY
-----------------
            Netlist: netlist
          Floorplan: design_1
      Design limits: <entire design considered>
             Max violations: <unlimited>
             Violations found: 94
+-----------+------------------+------------------------------------------------+------------+
| Rule      | Severity         | Description                                    | Violations |
+-----------+------------------+------------------------------------------------+------------+
| TIMING-23 | Critical Warning | Combinatorial loop found                       | 16         |
| TIMING-6  | Warning          | No common primary clock between related clocks | 2          |
| TIMING-17 | Warning          | Non-clocked sequential cell                    | 57         |
| TIMING-18 | Warning          | Missing input or output delay                  | 1          |
| TIMING-20 | Warning          | Non-clocked latch                              | 18         |
+-----------+------------------+------------------------------------------------+------------+

2. REPORT DETAILS
-----------------
TIMING-23#1 Critical Warning
Combinatorial loop found  
A timing loop has been detected on a combinational path. A timing arc has been disabled between spacestone/minute_ones_reg[0]_LDC_i_1/I3 and spacestone/minute_ones_reg[0]_LDC_i_1/O to disable the timing loop
Related violations: <none>

TIMING-23#2 Critical Warning
Combinatorial loop found  
A timing loop has been detected on a combinational path. A timing arc has been disabled between spacestone/minute_ones_reg[0]_LDC_i_3/I5 and spacestone/minute_ones_reg[0]_LDC_i_3/O to disable the timing loop
Related violations: <none>

TIMING-23#3 Critical Warning
Combinatorial loop found  
A timing loop has been detected on a combinational path. A timing arc has been disabled between spacestone/minute_ones_reg[0]_LDC_i_4/I1 and spacestone/minute_ones_reg[0]_LDC_i_4/O to disable the timing loop
Related violations: <none>

TIMING-23#4 Critical Warning
Combinatorial loop found  
A timing loop has been detected on a combinational path. A timing arc has been disabled between spacestone/minute_ones_reg[0]_LDC_i_4/I2 and spacestone/minute_ones_reg[0]_LDC_i_4/O to disable the timing loop
Related violations: <none>

TIMING-23#5 Critical Warning
Combinatorial loop found  
A timing loop has been detected on a combinational path. A timing arc has been disabled between spacestone/minute_ones_reg[0]_LDC_i_4/I3 and spacestone/minute_ones_reg[0]_LDC_i_4/O to disable the timing loop
Related violations: <none>

TIMING-23#6 Critical Warning
Combinatorial loop found  
A timing loop has been detected on a combinational path. A timing arc has been disabled between spacestone/minute_tens_reg[0]_LDC_i_1/I3 and spacestone/minute_tens_reg[0]_LDC_i_1/O to disable the timing loop
Related violations: <none>

TIMING-23#7 Critical Warning
Combinatorial loop found  
A timing loop has been detected on a combinational path. A timing arc has been disabled between spacestone/second_ones_reg[0]_LDC_i_1/I1 and spacestone/second_ones_reg[0]_LDC_i_1/O to disable the timing loop
Related violations: <none>

TIMING-23#8 Critical Warning
Combinatorial loop found  
A timing loop has been detected on a combinational path. A timing arc has been disabled between spacestone/second_ones_reg[0]_LDC_i_1/I2 and spacestone/second_ones_reg[0]_LDC_i_1/O to disable the timing loop
Related violations: <none>

TIMING-23#9 Critical Warning
Combinatorial loop found  
A timing loop has been detected on a combinational path. A timing arc has been disabled between spacestone/second_ones_reg[1]_LDC_i_3/I1 and spacestone/second_ones_reg[1]_LDC_i_3/O to disable the timing loop
Related violations: <none>

TIMING-23#10 Critical Warning
Combinatorial loop found  
A timing loop has been detected on a combinational path. A timing arc has been disabled between spacestone/second_ones_reg[2]_LDC_i_3/I0 and spacestone/second_ones_reg[2]_LDC_i_3/O to disable the timing loop
Related violations: <none>

TIMING-23#11 Critical Warning
Combinatorial loop found  
A timing loop has been detected on a combinational path. A timing arc has been disabled between spacestone/second_ones_reg[2]_LDC_i_3/I2 and spacestone/second_ones_reg[2]_LDC_i_3/O to disable the timing loop
Related violations: <none>

TIMING-23#12 Critical Warning
Combinatorial loop found  
A timing loop has been detected on a combinational path. A timing arc has been disabled between spacestone/second_ones_reg[3]_LDC_i_3/I1 and spacestone/second_ones_reg[3]_LDC_i_3/O to disable the timing loop
Related violations: <none>

TIMING-23#13 Critical Warning
Combinatorial loop found  
A timing loop has been detected on a combinational path. A timing arc has been disabled between spacestone/second_ones_reg[3]_LDC_i_3/I3 and spacestone/second_ones_reg[3]_LDC_i_3/O to disable the timing loop
Related violations: <none>

TIMING-23#14 Critical Warning
Combinatorial loop found  
A timing loop has been detected on a combinational path. A timing arc has been disabled between spacestone/second_ones_reg[3]_LDC_i_3/I5 and spacestone/second_ones_reg[3]_LDC_i_3/O to disable the timing loop
Related violations: <none>

TIMING-23#15 Critical Warning
Combinatorial loop found  
A timing loop has been detected on a combinational path. A timing arc has been disabled between spacestone/second_tens_reg[0]_LDC_i_1/I3 and spacestone/second_tens_reg[0]_LDC_i_1/O to disable the timing loop
Related violations: <none>

TIMING-23#16 Critical Warning
Combinatorial loop found  
A timing loop has been detected on a combinational path. A timing arc has been disabled between spacestone/second_tens_reg[1]_LDC_i_4/I4 and spacestone/second_tens_reg[1]_LDC_i_4/O to disable the timing loop
Related violations: <none>

TIMING-6#1 Warning
No common primary clock between related clocks  
The clocks clk_out1_clk_wiz_0 and clk_out1_clk_wiz_0_1 are related (timed together) but they have no common primary clock. The design could fail in hardware. To find a timing path between these clocks, run the following command: report_timing -from [get_clocks clk_out1_clk_wiz_0] -to [get_clocks clk_out1_clk_wiz_0_1]
Related violations: <none>

TIMING-6#2 Warning
No common primary clock between related clocks  
The clocks clk_out1_clk_wiz_0_1 and clk_out1_clk_wiz_0 are related (timed together) but they have no common primary clock. The design could fail in hardware. To find a timing path between these clocks, run the following command: report_timing -from [get_clocks clk_out1_clk_wiz_0_1] -to [get_clocks clk_out1_clk_wiz_0]
Related violations: <none>

TIMING-17#1 Warning
Non-clocked sequential cell  
The clock pin mindstone/enable_timer_cooktime_reg/C is not reached by a timing clock
Related violations: <none>

TIMING-17#2 Warning
Non-clocked sequential cell  
The clock pin mindstone/load_minute_ones_reg[0]/C is not reached by a timing clock
Related violations: <none>

TIMING-17#3 Warning
Non-clocked sequential cell  
The clock pin mindstone/load_minute_ones_reg[1]/C is not reached by a timing clock
Related violations: <none>

TIMING-17#4 Warning
Non-clocked sequential cell  
The clock pin mindstone/load_minute_ones_reg[2]/C is not reached by a timing clock
Related violations: <none>

TIMING-17#5 Warning
Non-clocked sequential cell  
The clock pin mindstone/load_minute_ones_reg[3]/C is not reached by a timing clock
Related violations: <none>

TIMING-17#6 Warning
Non-clocked sequential cell  
The clock pin mindstone/load_minute_tens_reg[0]/C is not reached by a timing clock
Related violations: <none>

TIMING-17#7 Warning
Non-clocked sequential cell  
The clock pin mindstone/load_minute_tens_reg[1]/C is not reached by a timing clock
Related violations: <none>

TIMING-17#8 Warning
Non-clocked sequential cell  
The clock pin mindstone/load_minute_tens_reg[2]/C is not reached by a timing clock
Related violations: <none>

TIMING-17#9 Warning
Non-clocked sequential cell  
The clock pin mindstone/load_minute_tens_reg[3]/C is not reached by a timing clock
Related violations: <none>

TIMING-17#10 Warning
Non-clocked sequential cell  
The clock pin mindstone/load_second_ones_reg[0]/C is not reached by a timing clock
Related violations: <none>

TIMING-17#11 Warning
Non-clocked sequential cell  
The clock pin mindstone/load_second_ones_reg[1]/C is not reached by a timing clock
Related violations: <none>

TIMING-17#12 Warning
Non-clocked sequential cell  
The clock pin mindstone/load_second_ones_reg[2]/C is not reached by a timing clock
Related violations: <none>

TIMING-17#13 Warning
Non-clocked sequential cell  
The clock pin mindstone/load_second_ones_reg[3]/C is not reached by a timing clock
Related violations: <none>

TIMING-17#14 Warning
Non-clocked sequential cell  
The clock pin mindstone/load_second_tens_reg[0]/C is not reached by a timing clock
Related violations: <none>

TIMING-17#15 Warning
Non-clocked sequential cell  
The clock pin mindstone/load_second_tens_reg[1]/C is not reached by a timing clock
Related violations: <none>

TIMING-17#16 Warning
Non-clocked sequential cell  
The clock pin mindstone/load_second_tens_reg[2]/C is not reached by a timing clock
Related violations: <none>

TIMING-17#17 Warning
Non-clocked sequential cell  
The clock pin mindstone/load_second_tens_reg[3]/C is not reached by a timing clock
Related violations: <none>

TIMING-17#18 Warning
Non-clocked sequential cell  
The clock pin mindstone/state_reg[0]/C is not reached by a timing clock
Related violations: <none>

TIMING-17#19 Warning
Non-clocked sequential cell  
The clock pin mindstone/state_reg[1]/C is not reached by a timing clock
Related violations: <none>

TIMING-17#20 Warning
Non-clocked sequential cell  
The clock pin powerstone/state_reg[0]/C is not reached by a timing clock
Related violations: <none>

TIMING-17#21 Warning
Non-clocked sequential cell  
The clock pin powerstone/state_reg[1]/C is not reached by a timing clock
Related violations: <none>

TIMING-17#22 Warning
Non-clocked sequential cell  
The clock pin realitystone/FSM_sequential_state_reg[0]/C is not reached by a timing clock
Related violations: <none>

TIMING-17#23 Warning
Non-clocked sequential cell  
The clock pin realitystone/FSM_sequential_state_reg[1]/C is not reached by a timing clock
Related violations: <none>

TIMING-17#24 Warning
Non-clocked sequential cell  
The clock pin soulstone/state_reg[0]/C is not reached by a timing clock
Related violations: <none>

TIMING-17#25 Warning
Non-clocked sequential cell  
The clock pin soulstone/state_reg[1]/C is not reached by a timing clock
Related violations: <none>

TIMING-17#26 Warning
Non-clocked sequential cell  
The clock pin spacestone/minute_ones_reg[0]_C/C is not reached by a timing clock
Related violations: <none>

TIMING-17#27 Warning
Non-clocked sequential cell  
The clock pin spacestone/minute_ones_reg[0]_P/C is not reached by a timing clock
Related violations: <none>

TIMING-17#28 Warning
Non-clocked sequential cell  
The clock pin spacestone/minute_ones_reg[1]_C/C is not reached by a timing clock
Related violations: <none>

TIMING-17#29 Warning
Non-clocked sequential cell  
The clock pin spacestone/minute_ones_reg[1]_P/C is not reached by a timing clock
Related violations: <none>

TIMING-17#30 Warning
Non-clocked sequential cell  
The clock pin spacestone/minute_ones_reg[2]_C/C is not reached by a timing clock
Related violations: <none>

TIMING-17#31 Warning
Non-clocked sequential cell  
The clock pin spacestone/minute_ones_reg[2]_P/C is not reached by a timing clock
Related violations: <none>

TIMING-17#32 Warning
Non-clocked sequential cell  
The clock pin spacestone/minute_ones_reg[3]_C/C is not reached by a timing clock
Related violations: <none>

TIMING-17#33 Warning
Non-clocked sequential cell  
The clock pin spacestone/minute_ones_reg[3]_P/C is not reached by a timing clock
Related violations: <none>

TIMING-17#34 Warning
Non-clocked sequential cell  
The clock pin spacestone/minute_tens_reg[0]_C/C is not reached by a timing clock
Related violations: <none>

TIMING-17#35 Warning
Non-clocked sequential cell  
The clock pin spacestone/minute_tens_reg[0]_P/C is not reached by a timing clock
Related violations: <none>

TIMING-17#36 Warning
Non-clocked sequential cell  
The clock pin spacestone/minute_tens_reg[1]_C/C is not reached by a timing clock
Related violations: <none>

TIMING-17#37 Warning
Non-clocked sequential cell  
The clock pin spacestone/minute_tens_reg[1]_P/C is not reached by a timing clock
Related violations: <none>

TIMING-17#38 Warning
Non-clocked sequential cell  
The clock pin spacestone/minute_tens_reg[2]_C/C is not reached by a timing clock
Related violations: <none>

TIMING-17#39 Warning
Non-clocked sequential cell  
The clock pin spacestone/minute_tens_reg[2]_P/C is not reached by a timing clock
Related violations: <none>

TIMING-17#40 Warning
Non-clocked sequential cell  
The clock pin spacestone/minute_tens_reg[3]_C/C is not reached by a timing clock
Related violations: <none>

TIMING-17#41 Warning
Non-clocked sequential cell  
The clock pin spacestone/minute_tens_reg[3]_P/C is not reached by a timing clock
Related violations: <none>

TIMING-17#42 Warning
Non-clocked sequential cell  
The clock pin spacestone/second_ones_reg[0]_C/C is not reached by a timing clock
Related violations: <none>

TIMING-17#43 Warning
Non-clocked sequential cell  
The clock pin spacestone/second_ones_reg[0]_P/C is not reached by a timing clock
Related violations: <none>

TIMING-17#44 Warning
Non-clocked sequential cell  
The clock pin spacestone/second_ones_reg[1]_C/C is not reached by a timing clock
Related violations: <none>

TIMING-17#45 Warning
Non-clocked sequential cell  
The clock pin spacestone/second_ones_reg[1]_P/C is not reached by a timing clock
Related violations: <none>

TIMING-17#46 Warning
Non-clocked sequential cell  
The clock pin spacestone/second_ones_reg[2]_C/C is not reached by a timing clock
Related violations: <none>

TIMING-17#47 Warning
Non-clocked sequential cell  
The clock pin spacestone/second_ones_reg[2]_P/C is not reached by a timing clock
Related violations: <none>

TIMING-17#48 Warning
Non-clocked sequential cell  
The clock pin spacestone/second_ones_reg[3]_C/C is not reached by a timing clock
Related violations: <none>

TIMING-17#49 Warning
Non-clocked sequential cell  
The clock pin spacestone/second_ones_reg[3]_P/C is not reached by a timing clock
Related violations: <none>

TIMING-17#50 Warning
Non-clocked sequential cell  
The clock pin spacestone/second_tens_reg[0]_C/C is not reached by a timing clock
Related violations: <none>

TIMING-17#51 Warning
Non-clocked sequential cell  
The clock pin spacestone/second_tens_reg[0]_P/C is not reached by a timing clock
Related violations: <none>

TIMING-17#52 Warning
Non-clocked sequential cell  
The clock pin spacestone/second_tens_reg[1]_C/C is not reached by a timing clock
Related violations: <none>

TIMING-17#53 Warning
Non-clocked sequential cell  
The clock pin spacestone/second_tens_reg[1]_P/C is not reached by a timing clock
Related violations: <none>

TIMING-17#54 Warning
Non-clocked sequential cell  
The clock pin spacestone/second_tens_reg[2]_C/C is not reached by a timing clock
Related violations: <none>

TIMING-17#55 Warning
Non-clocked sequential cell  
The clock pin spacestone/second_tens_reg[2]_P/C is not reached by a timing clock
Related violations: <none>

TIMING-17#56 Warning
Non-clocked sequential cell  
The clock pin spacestone/second_tens_reg[3]_C/C is not reached by a timing clock
Related violations: <none>

TIMING-17#57 Warning
Non-clocked sequential cell  
The clock pin spacestone/second_tens_reg[3]_P/C is not reached by a timing clock
Related violations: <none>

TIMING-18#1 Warning
Missing input or output delay  
An input delay is missing on reset relative to clock(s) VIRTUAL_clk_out1_clk_wiz_0 
Related violations: <none>

TIMING-20#1 Warning
Non-clocked latch  
The latch mindstone/nextstate_reg[0] cannot be properly analyzed as its control pin mindstone/nextstate_reg[0]/G is not reached by a timing clock
Related violations: <none>

TIMING-20#2 Warning
Non-clocked latch  
The latch mindstone/nextstate_reg[1] cannot be properly analyzed as its control pin mindstone/nextstate_reg[1]/G is not reached by a timing clock
Related violations: <none>

TIMING-20#3 Warning
Non-clocked latch  
The latch spacestone/minute_ones_reg[0]_LDC cannot be properly analyzed as its control pin spacestone/minute_ones_reg[0]_LDC/G is not reached by a timing clock
Related violations: <none>

TIMING-20#4 Warning
Non-clocked latch  
The latch spacestone/minute_ones_reg[1]_LDC cannot be properly analyzed as its control pin spacestone/minute_ones_reg[1]_LDC/G is not reached by a timing clock
Related violations: <none>

TIMING-20#5 Warning
Non-clocked latch  
The latch spacestone/minute_ones_reg[2]_LDC cannot be properly analyzed as its control pin spacestone/minute_ones_reg[2]_LDC/G is not reached by a timing clock
Related violations: <none>

TIMING-20#6 Warning
Non-clocked latch  
The latch spacestone/minute_ones_reg[3]_LDC cannot be properly analyzed as its control pin spacestone/minute_ones_reg[3]_LDC/G is not reached by a timing clock
Related violations: <none>

TIMING-20#7 Warning
Non-clocked latch  
The latch spacestone/minute_tens_reg[0]_LDC cannot be properly analyzed as its control pin spacestone/minute_tens_reg[0]_LDC/G is not reached by a timing clock
Related violations: <none>

TIMING-20#8 Warning
Non-clocked latch  
The latch spacestone/minute_tens_reg[1]_LDC cannot be properly analyzed as its control pin spacestone/minute_tens_reg[1]_LDC/G is not reached by a timing clock
Related violations: <none>

TIMING-20#9 Warning
Non-clocked latch  
The latch spacestone/minute_tens_reg[2]_LDC cannot be properly analyzed as its control pin spacestone/minute_tens_reg[2]_LDC/G is not reached by a timing clock
Related violations: <none>

TIMING-20#10 Warning
Non-clocked latch  
The latch spacestone/minute_tens_reg[3]_LDC cannot be properly analyzed as its control pin spacestone/minute_tens_reg[3]_LDC/G is not reached by a timing clock
Related violations: <none>

TIMING-20#11 Warning
Non-clocked latch  
The latch spacestone/second_ones_reg[0]_LDC cannot be properly analyzed as its control pin spacestone/second_ones_reg[0]_LDC/G is not reached by a timing clock
Related violations: <none>

TIMING-20#12 Warning
Non-clocked latch  
The latch spacestone/second_ones_reg[1]_LDC cannot be properly analyzed as its control pin spacestone/second_ones_reg[1]_LDC/G is not reached by a timing clock
Related violations: <none>

TIMING-20#13 Warning
Non-clocked latch  
The latch spacestone/second_ones_reg[2]_LDC cannot be properly analyzed as its control pin spacestone/second_ones_reg[2]_LDC/G is not reached by a timing clock
Related violations: <none>

TIMING-20#14 Warning
Non-clocked latch  
The latch spacestone/second_ones_reg[3]_LDC cannot be properly analyzed as its control pin spacestone/second_ones_reg[3]_LDC/G is not reached by a timing clock
Related violations: <none>

TIMING-20#15 Warning
Non-clocked latch  
The latch spacestone/second_tens_reg[0]_LDC cannot be properly analyzed as its control pin spacestone/second_tens_reg[0]_LDC/G is not reached by a timing clock
Related violations: <none>

TIMING-20#16 Warning
Non-clocked latch  
The latch spacestone/second_tens_reg[1]_LDC cannot be properly analyzed as its control pin spacestone/second_tens_reg[1]_LDC/G is not reached by a timing clock
Related violations: <none>

TIMING-20#17 Warning
Non-clocked latch  
The latch spacestone/second_tens_reg[2]_LDC cannot be properly analyzed as its control pin spacestone/second_tens_reg[2]_LDC/G is not reached by a timing clock
Related violations: <none>

TIMING-20#18 Warning
Non-clocked latch  
The latch spacestone/second_tens_reg[3]_LDC cannot be properly analyzed as its control pin spacestone/second_tens_reg[3]_LDC/G is not reached by a timing clock
Related violations: <none>


