Unable to capture context for thread 4320 in process 27528, can not generate back trace
Exception at PC 0x00007FFFE714BB93
Printing stacktrace...

Exception at PC 0x00007FF880383B29
Exception at PC 0x00007FF880383B29
Exception at PC 0x00007FF880383B29
Exception at PC 0x00007FF880383B29
Exception at PC 0x00007FF880383B29
Exception at PC 0x00007FF880383B29
Exception at PC 0x00007FF880383B29
[0]  [0x00007FFFE714BB93]
[1]  [0x00007FFFE714BB93]
[2]  [0x00007FFFE714B4A1]
[3]  [0x00007FFFE714B3EF]
[4]  [0x00007FFFE71319FE]
[5]  [0x00007FFFE7130ED1]
[6]  [0x00007FFFE7130D76]
[7]  [0x00007FFFE70D79F6]
Exception at PC 0x00007FF880383B29
[8]  [0x00007FFFE70C7AFB]
[9]  [0x00007FFFE71EE90A]
[10]  [0x00007FFFE7209F87]
[11]  [0x00007FFFE720A05F]
[12] (BaseThreadInitThunk+0x14) [0x00007FF881337C24]
[13] (RtlUserThreadStart+0x21) [0x00007FF88260D721]
Done
Exception at PC 0x00007FF880383B29
Exception at PC 0x00007FF880383B29
Exception at PC 0x00007FF880383B29
Exception at PC 0x00007FF880383B29
Exception at PC 0x00007FF880383B29
Exception at PC 0x00007FF880383B29
Exception at PC 0x00007FF880383B29
Exception at PC 0x00007FF880383B29
Exception at PC 0x00007FF880383B29
Exception at PC 0x00007FF880383B29
