
*** Running vivado
    with args -log dft_0.vds -m64 -product Vivado -mode batch -messageDb vivado.pb -notrace -source dft_0.tcl


****** Vivado v2016.3 (64-bit)
  **** SW Build 1682563 on Mon Oct 10 19:07:27 MDT 2016
  **** IP Build 1681267 on Mon Oct 10 21:28:31 MDT 2016
    ** Copyright 1986-2016 Xilinx, Inc. All Rights Reserved.

source dft_0.tcl -notrace
Starting RTL Elaboration : Time (s): cpu = 00:00:04 ; elapsed = 00:00:05 . Memory (MB): peak = 295.645 ; gain = 85.609
INFO: [Synth 8-638] synthesizing module 'dft_0' [c:/Users/hamas/Documents/Carleton/ELEC3500/Lab9/Microphone - v2/lab9_v2/lab9_v2.srcs/sources_1/ip/dft_0/synth/dft_0.vhd:76]
INFO: [Synth 8-256] done synthesizing module 'dft_0' (40#1) [c:/Users/hamas/Documents/Carleton/ELEC3500/Lab9/Microphone - v2/lab9_v2/lab9_v2.srcs/sources_1/ip/dft_0/synth/dft_0.vhd:76]
Finished RTL Elaboration : Time (s): cpu = 00:00:20 ; elapsed = 00:00:21 . Memory (MB): peak = 489.230 ; gain = 279.195
Finished RTL Optimization Phase 1 : Time (s): cpu = 00:00:20 ; elapsed = 00:00:21 . Memory (MB): peak = 489.230 ; gain = 279.195
INFO: [Device 21-403] Loading part xc7a100tcsg324-1
Constraint Validation Runtime : Time (s): cpu = 00:00:00 ; elapsed = 00:00:00.159 . Memory (MB): peak = 696.984 ; gain = 4.078
Finished Constraint Validation : Time (s): cpu = 00:00:29 ; elapsed = 00:00:30 . Memory (MB): peak = 696.984 ; gain = 486.949
Finished Loading Part and Timing Information : Time (s): cpu = 00:00:29 ; elapsed = 00:00:30 . Memory (MB): peak = 696.984 ; gain = 486.949
Finished applying 'set_property' XDC Constraints : Time (s): cpu = 00:00:29 ; elapsed = 00:00:30 . Memory (MB): peak = 696.984 ; gain = 486.949
Finished RTL Optimization Phase 2 : Time (s): cpu = 00:00:32 ; elapsed = 00:00:34 . Memory (MB): peak = 696.984 ; gain = 486.949
Finished Cross Boundary and Area Optimization : Time (s): cpu = 00:00:43 ; elapsed = 00:00:46 . Memory (MB): peak = 696.984 ; gain = 486.949
Finished Applying XDC Timing Constraints : Time (s): cpu = 00:00:50 ; elapsed = 00:00:52 . Memory (MB): peak = 696.984 ; gain = 486.949
Finished Timing Optimization : Time (s): cpu = 00:00:52 ; elapsed = 00:00:55 . Memory (MB): peak = 716.172 ; gain = 506.137
Finished Technology Mapping : Time (s): cpu = 00:00:55 ; elapsed = 00:00:57 . Memory (MB): peak = 742.961 ; gain = 532.926
Finished IO Insertion : Time (s): cpu = 00:00:55 ; elapsed = 00:00:58 . Memory (MB): peak = 742.961 ; gain = 532.926
Finished Renaming Generated Instances : Time (s): cpu = 00:00:55 ; elapsed = 00:00:58 . Memory (MB): peak = 742.961 ; gain = 532.926
Finished Rebuilding User Hierarchy : Time (s): cpu = 00:00:56 ; elapsed = 00:00:59 . Memory (MB): peak = 742.961 ; gain = 532.926
Finished Renaming Generated Ports : Time (s): cpu = 00:00:56 ; elapsed = 00:00:59 . Memory (MB): peak = 742.961 ; gain = 532.926
Finished Handling Custom Attributes : Time (s): cpu = 00:00:56 ; elapsed = 00:00:59 . Memory (MB): peak = 742.961 ; gain = 532.926
Finished Renaming Generated Nets : Time (s): cpu = 00:00:56 ; elapsed = 00:00:59 . Memory (MB): peak = 742.961 ; gain = 532.926

Report Cell Usage: 
+------+---------------+------+
|      |Cell           |Count |
+------+---------------+------+
|1     |DSP48E_bbox    |     1|
|2     |DSP48E_bbox_0  |     1|
|3     |DSP48E_bbox_1  |     1|
|4     |DSP48E_bbox_10 |     1|
|5     |DSP48E_bbox_11 |     1|
|6     |DSP48E_bbox_2  |     1|
|7     |DSP48E_bbox_3  |     1|
|8     |DSP48E_bbox_4  |     1|
|9     |DSP48E_bbox_5  |     1|
|10    |DSP48E_bbox_6  |     1|
|11    |DSP48E_bbox_7  |     1|
|12    |DSP48E_bbox_8  |     1|
|13    |DSP48E_bbox_9  |     1|
|14    |DSP48E_bbox__1 |     1|
|15    |DSP48E_bbox__2 |     1|
|16    |DSP48E_bbox__3 |     1|
|17    |CARRY4         |   222|
|18    |LUT1           |    83|
|19    |LUT2           |   551|
|20    |LUT3           |  1020|
|21    |LUT4           |   596|
|22    |LUT5           |   363|
|23    |LUT6           |   652|
|24    |MUXF6          |    16|
|25    |MUXF7          |     9|
|26    |RAMB16         |     3|
|27    |RAMB18SDP      |     4|
|28    |SRL16E         |   399|
|29    |SRLC32E        |     9|
|30    |FDRE           |  3471|
|31    |FDSE           |     7|
+------+---------------+------+
Finished Writing Synthesis Report : Time (s): cpu = 00:00:56 ; elapsed = 00:00:59 . Memory (MB): peak = 742.961 ; gain = 532.926
synth_design: Time (s): cpu = 00:00:57 ; elapsed = 00:00:59 . Memory (MB): peak = 742.961 ; gain = 523.719
